[0.008s] Invoking command in '/home/houyepu/ros2_ws/build/Car_control': CMAKE_PREFIX_PATH=/opt/ros/humble /usr/bin/cmake --build /home/houyepu/ros2_ws/build/Car_control -- -j4 -l4
[0.037s] Invoked command in '/home/houyepu/ros2_ws/build/Car_control' returned '0': CMAKE_PREFIX_PATH=/opt/ros/humble /usr/bin/cmake --build /home/houyepu/ros2_ws/build/Car_control -- -j4 -l4
[0.067s] Invoking command in '/home/houyepu/ros2_ws/build/Car_control': CMAKE_PREFIX_PATH=/opt/ros/humble /usr/bin/cmake --install /home/houyepu/ros2_ws/build/Car_control
[0.072s] -- Install configuration: ""
[0.072s] -- Up-to-date: /home/houyepu/ros2_ws/install/Car_control/share/ament_index/resource_index/package_run_dependencies/Car_control
[0.072s] -- Up-to-date: /home/houyepu/ros2_ws/install/Car_control/share/ament_index/resource_index/parent_prefix_path/Car_control
[0.073s] -- Up-to-date: /home/houyepu/ros2_ws/install/Car_control/share/Car_control/environment/ament_prefix_path.sh
[0.073s] -- Up-to-date: /home/houyepu/ros2_ws/install/Car_control/share/Car_control/environment/ament_prefix_path.dsv
[0.073s] -- Up-to-date: /home/houyepu/ros2_ws/install/Car_control/share/Car_control/environment/path.sh
[0.073s] -- Up-to-date: /home/houyepu/ros2_ws/install/Car_control/share/Car_control/environment/path.dsv
[0.073s] -- Up-to-date: /home/houyepu/ros2_ws/install/Car_control/share/Car_control/local_setup.bash
[0.073s] -- Up-to-date: /home/houyepu/ros2_ws/install/Car_control/share/Car_control/local_setup.sh
[0.073s] -- Up-to-date: /home/houyepu/ros2_ws/install/Car_control/share/Car_control/local_setup.zsh
[0.073s] -- Up-to-date: /home/houyepu/ros2_ws/install/Car_control/share/Car_control/local_setup.dsv
[0.073s] -- Up-to-date: /home/houyepu/ros2_ws/install/Car_control/share/Car_control/package.dsv
[0.073s] -- Up-to-date: /home/houyepu/ros2_ws/install/Car_control/share/ament_index/resource_index/packages/Car_control
[0.073s] -- Up-to-date: /home/houyepu/ros2_ws/install/Car_control/share/Car_control/cmake/Car_controlConfig.cmake
[0.073s] -- Up-to-date: /home/houyepu/ros2_ws/install/Car_control/share/Car_control/cmake/Car_controlConfig-version.cmake
[0.073s] -- Up-to-date: /home/houyepu/ros2_ws/install/Car_control/share/Car_control/package.xml
[0.075s] Invoked command in '/home/houyepu/ros2_ws/build/Car_control' returned '0': CMAKE_PREFIX_PATH=/opt/ros/humble /usr/bin/cmake --install /home/houyepu/ros2_ws/build/Car_control
