[0.851s] Invoking command in '/home/houyepu/ros2_ws/build/examples_rclpy_guard_conditions': PYTHONPATH=/home/houyepu/ros2_ws/build/examples_rclpy_guard_conditions/prefix_override:/home/houyepu/ros2_ws/install/examples_rclpy_guard_conditions/lib/python3.10/site-packages:${PYTHONPATH} /usr/bin/python3 -W ignore:setup.py install is deprecated setup.py develop --uninstall --editable --build-directory /home/houyepu/ros2_ws/build/examples_rclpy_guard_conditions/build
[1.154s] running develop
[1.155s] /usr/lib/python3/dist-packages/setuptools/command/easy_install.py:158: EasyInstallDeprecationWarning: easy_install command is deprecated. Use build and pip and other standards-based tools.
[1.155s]   warnings.warn(
[1.393s] Removing /home/houyepu/ros2_ws/install/examples_rclpy_guard_conditions/lib/python3.10/site-packages/examples-rclpy-guard-conditions.egg-link (link to .)
[1.626s] Invoked command in '/home/houyepu/ros2_ws/build/examples_rclpy_guard_conditions' returned '0': PYTHONPATH=/home/houyepu/ros2_ws/build/examples_rclpy_guard_conditions/prefix_override:/home/houyepu/ros2_ws/install/examples_rclpy_guard_conditions/lib/python3.10/site-packages:${PYTHONPATH} /usr/bin/python3 -W ignore:setup.py install is deprecated setup.py develop --uninstall --editable --build-directory /home/houyepu/ros2_ws/build/examples_rclpy_guard_conditions/build
[1.627s] Invoking command in '/home/houyepu/ros2_ws/src/examples/rclpy/guard_conditions': PYTHONPATH=/home/houyepu/ros2_ws/build/examples_rclpy_guard_conditions/prefix_override:/home/houyepu/ros2_ws/install/examples_rclpy_guard_conditions/lib/python3.10/site-packages:${PYTHONPATH} /usr/bin/python3 -W ignore:setup.py install is deprecated setup.py egg_info --egg-base ../../../../build/examples_rclpy_guard_conditions build --build-base /home/houyepu/ros2_ws/build/examples_rclpy_guard_conditions/build install --record /home/houyepu/ros2_ws/build/examples_rclpy_guard_conditions/install.log --single-version-externally-managed install_data --force
[1.852s] running egg_info
[1.852s] writing ../../../../build/examples_rclpy_guard_conditions/examples_rclpy_guard_conditions.egg-info/PKG-INFO
[1.853s] writing dependency_links to ../../../../build/examples_rclpy_guard_conditions/examples_rclpy_guard_conditions.egg-info/dependency_links.txt
[1.853s] writing entry points to ../../../../build/examples_rclpy_guard_conditions/examples_rclpy_guard_conditions.egg-info/entry_points.txt
[1.853s] writing requirements to ../../../../build/examples_rclpy_guard_conditions/examples_rclpy_guard_conditions.egg-info/requires.txt
[1.854s] writing top-level names to ../../../../build/examples_rclpy_guard_conditions/examples_rclpy_guard_conditions.egg-info/top_level.txt
[1.855s] reading manifest file '../../../../build/examples_rclpy_guard_conditions/examples_rclpy_guard_conditions.egg-info/SOURCES.txt'
[1.856s] writing manifest file '../../../../build/examples_rclpy_guard_conditions/examples_rclpy_guard_conditions.egg-info/SOURCES.txt'
[1.856s] running build
[1.856s] running build_py
[1.857s] creating /home/houyepu/ros2_ws/build/examples_rclpy_guard_conditions/build
[1.857s] creating /home/houyepu/ros2_ws/build/examples_rclpy_guard_conditions/build/lib
[1.857s] creating /home/houyepu/ros2_ws/build/examples_rclpy_guard_conditions/build/lib/examples_rclpy_guard_conditions
[1.857s] copying examples_rclpy_guard_conditions/trigger_guard_condition.py -> /home/houyepu/ros2_ws/build/examples_rclpy_guard_conditions/build/lib/examples_rclpy_guard_conditions
[1.858s] copying examples_rclpy_guard_conditions/__init__.py -> /home/houyepu/ros2_ws/build/examples_rclpy_guard_conditions/build/lib/examples_rclpy_guard_conditions
[1.858s] running install
[1.858s] running install_lib
[1.859s] creating /home/houyepu/ros2_ws/install/examples_rclpy_guard_conditions/lib/python3.10/site-packages/examples_rclpy_guard_conditions
[1.859s] copying /home/houyepu/ros2_ws/build/examples_rclpy_guard_conditions/build/lib/examples_rclpy_guard_conditions/trigger_guard_condition.py -> /home/houyepu/ros2_ws/install/examples_rclpy_guard_conditions/lib/python3.10/site-packages/examples_rclpy_guard_conditions
[1.859s] copying /home/houyepu/ros2_ws/build/examples_rclpy_guard_conditions/build/lib/examples_rclpy_guard_conditions/__init__.py -> /home/houyepu/ros2_ws/install/examples_rclpy_guard_conditions/lib/python3.10/site-packages/examples_rclpy_guard_conditions
[1.860s] byte-compiling /home/houyepu/ros2_ws/install/examples_rclpy_guard_conditions/lib/python3.10/site-packages/examples_rclpy_guard_conditions/trigger_guard_condition.py to trigger_guard_condition.cpython-310.pyc
[1.860s] byte-compiling /home/houyepu/ros2_ws/install/examples_rclpy_guard_conditions/lib/python3.10/site-packages/examples_rclpy_guard_conditions/__init__.py to __init__.cpython-310.pyc
[1.860s] running install_data
[1.860s] copying resource/examples_rclpy_guard_conditions -> /home/houyepu/ros2_ws/install/examples_rclpy_guard_conditions/share/ament_index/resource_index/packages
[1.861s] copying package.xml -> /home/houyepu/ros2_ws/install/examples_rclpy_guard_conditions/share/examples_rclpy_guard_conditions
[1.861s] running install_egg_info
[1.863s] Copying ../../../../build/examples_rclpy_guard_conditions/examples_rclpy_guard_conditions.egg-info to /home/houyepu/ros2_ws/install/examples_rclpy_guard_conditions/lib/python3.10/site-packages/examples_rclpy_guard_conditions-0.15.1-py3.10.egg-info
[1.864s] running install_scripts
[1.886s] Installing trigger_guard_condition script to /home/houyepu/ros2_ws/install/examples_rclpy_guard_conditions/lib/examples_rclpy_guard_conditions
[1.887s] writing list of installed files to '/home/houyepu/ros2_ws/build/examples_rclpy_guard_conditions/install.log'
[1.937s] Invoked command in '/home/houyepu/ros2_ws/src/examples/rclpy/guard_conditions' returned '0': PYTHONPATH=/home/houyepu/ros2_ws/build/examples_rclpy_guard_conditions/prefix_override:/home/houyepu/ros2_ws/install/examples_rclpy_guard_conditions/lib/python3.10/site-packages:${PYTHONPATH} /usr/bin/python3 -W ignore:setup.py install is deprecated setup.py egg_info --egg-base ../../../../build/examples_rclpy_guard_conditions build --build-base /home/houyepu/ros2_ws/build/examples_rclpy_guard_conditions/build install --record /home/houyepu/ros2_ws/build/examples_rclpy_guard_conditions/install.log --single-version-externally-managed install_data --force
