[0.032s] Invoking command in '/home/houyepu/ros2_ws/build/examples_rclcpp_minimal_action_server': CMAKE_PREFIX_PATH=/opt/ros/humble /usr/bin/cmake /home/houyepu/ros2_ws/src/examples/rclcpp/actions/minimal_action_server -DAMENT_CMAKE_SYMLINK_INSTALL=1 -DCMAKE_INSTALL_PREFIX=/home/houyepu/ros2_ws/install/examples_rclcpp_minimal_action_server
[0.128s] -- The C compiler identification is GNU 11.4.0
[0.195s] -- The CXX compiler identification is GNU 11.4.0
[0.203s] -- Detecting C compiler ABI info
[0.269s] -- Detecting C compiler ABI info - done
[0.279s] -- Check for working C compiler: /usr/bin/cc - skipped
[0.279s] -- Detecting C compile features
[0.280s] -- Detecting C compile features - done
[0.285s] -- Detecting CXX compiler ABI info
[0.392s] -- Detecting CXX compiler ABI info - done
[0.402s] -- Check for working CXX compiler: /usr/bin/c++ - skipped
[0.402s] -- Detecting CXX compile features
[0.403s] -- Detecting CXX compile features - done
[0.405s] -- Found ament_cmake: 1.3.8 (/opt/ros/humble/share/ament_cmake/cmake)
[0.586s] -- Found Python3: /usr/bin/python3 (found version "3.10.12") found components: Interpreter 
[0.685s] -- Override CMake install command with custom implementation using symlinks instead of copying resources
[0.722s] -- Found example_interfaces: 0.9.3 (/opt/ros/humble/share/example_interfaces/cmake)
[0.791s] -- Found rosidl_generator_c: 3.1.5 (/opt/ros/humble/share/rosidl_generator_c/cmake)
[0.800s] -- Found rosidl_adapter: 3.1.5 (/opt/ros/humble/share/rosidl_adapter/cmake)
[0.816s] -- Found rosidl_generator_cpp: 3.1.5 (/opt/ros/humble/share/rosidl_generator_cpp/cmake)
[0.842s] -- Using all available rosidl_typesupport_c: rosidl_typesupport_fastrtps_c;rosidl_typesupport_introspection_c
[0.873s] -- Using all available rosidl_typesupport_cpp: rosidl_typesupport_fastrtps_cpp;rosidl_typesupport_introspection_cpp
[1.122s] -- Found rclcpp: 16.0.8 (/opt/ros/humble/share/rclcpp/cmake)
[1.200s] -- Found rmw_implementation_cmake: 6.1.1 (/opt/ros/humble/share/rmw_implementation_cmake/cmake)
[1.202s] -- Found rmw_fastrtps_cpp: 6.2.6 (/opt/ros/humble/share/rmw_fastrtps_cpp/cmake)
[1.311s] -- Found OpenSSL: /usr/lib/aarch64-linux-gnu/libcrypto.so (found version "3.0.2")  
[1.352s] -- Found FastRTPS: /opt/ros/humble/include  
[1.410s] -- Using RMW implementation 'rmw_fastrtps_cpp' as default
[1.422s] -- Looking for pthread.h
[1.485s] -- Looking for pthread.h - found
[1.485s] -- Performing Test CMAKE_HAVE_LIBC_PTHREAD
[1.555s] -- Performing Test CMAKE_HAVE_LIBC_PTHREAD - Success
[1.556s] -- Found Threads: TRUE  
[1.787s] -- Found rclcpp_action: 16.0.8 (/opt/ros/humble/share/rclcpp_action/cmake)
[1.842s] -- Found ament_lint_auto: 0.12.10 (/opt/ros/humble/share/ament_lint_auto/cmake)
[1.986s] -- Added test 'copyright' to check source files copyright and LICENSE
[1.997s] -- Added test 'cppcheck' to perform static code analysis on C / C++ code
[2.004s] -- Configured cppcheck include dirs: 
[2.004s] -- Configured cppcheck exclude dirs and/or files: 
[2.005s] -- Added test 'cpplint' to check C / C++ code against the Google style
[2.006s] -- Configured cpplint exclude dirs and/or files: 
[2.006s] -- Added test 'lint_cmake' to check CMake code style
[2.007s] -- Added test 'uncrustify' to check C / C++ code style
[2.007s] -- Configured uncrustify additional arguments: 
[2.008s] -- Added test 'xmllint' to check XML markup files
[2.009s] -- Configuring done
[2.042s] -- Generating done
[2.044s] -- Build files have been written to: /home/houyepu/ros2_ws/build/examples_rclcpp_minimal_action_server
[2.072s] Invoked command in '/home/houyepu/ros2_ws/build/examples_rclcpp_minimal_action_server' returned '0': CMAKE_PREFIX_PATH=/opt/ros/humble /usr/bin/cmake /home/houyepu/ros2_ws/src/examples/rclcpp/actions/minimal_action_server -DAMENT_CMAKE_SYMLINK_INSTALL=1 -DCMAKE_INSTALL_PREFIX=/home/houyepu/ros2_ws/install/examples_rclcpp_minimal_action_server
[2.080s] Invoking command in '/home/houyepu/ros2_ws/build/examples_rclcpp_minimal_action_server': CMAKE_PREFIX_PATH=/opt/ros/humble /usr/bin/cmake --build /home/houyepu/ros2_ws/build/examples_rclcpp_minimal_action_server -- -j4 -l4
[2.264s] [ 25%] [32mBuilding CXX object CMakeFiles/action_server_member_functions.dir/member_functions.cpp.o[0m
[2.285s] [ 50%] [32mBuilding CXX object CMakeFiles/action_server_not_composable.dir/not_composable.cpp.o[0m
[52.540s] [ 75%] [32m[1mLinking CXX executable action_server_not_composable[0m
[53.240s] [100%] [32m[1mLinking CXX executable action_server_member_functions[0m
[53.246s] [100%] Built target action_server_not_composable
[53.752s] [100%] Built target action_server_member_functions
[53.948s] Invoked command in '/home/houyepu/ros2_ws/build/examples_rclcpp_minimal_action_server' returned '0': CMAKE_PREFIX_PATH=/opt/ros/humble /usr/bin/cmake --build /home/houyepu/ros2_ws/build/examples_rclcpp_minimal_action_server -- -j4 -l4
[54.122s] Invoking command in '/home/houyepu/ros2_ws/build/examples_rclcpp_minimal_action_server': CMAKE_PREFIX_PATH=/opt/ros/humble /usr/bin/cmake --install /home/houyepu/ros2_ws/build/examples_rclcpp_minimal_action_server
[54.137s] -- Install configuration: ""
[54.144s] -- Execute custom install script
[54.145s] -- Symlinking: /home/houyepu/ros2_ws/install/examples_rclcpp_minimal_action_server/lib/examples_rclcpp_minimal_action_server/action_server_not_composable
[54.192s] -- Symlinking: /home/houyepu/ros2_ws/install/examples_rclcpp_minimal_action_server/lib/examples_rclcpp_minimal_action_server/action_server_member_functions
[54.219s] -- Symlinking: /home/houyepu/ros2_ws/install/examples_rclcpp_minimal_action_server/share/ament_index/resource_index/package_run_dependencies/examples_rclcpp_minimal_action_server
[54.219s] -- Symlinking: /home/houyepu/ros2_ws/install/examples_rclcpp_minimal_action_server/share/ament_index/resource_index/parent_prefix_path/examples_rclcpp_minimal_action_server
[54.249s] -- Symlinking: /home/houyepu/ros2_ws/install/examples_rclcpp_minimal_action_server/share/examples_rclcpp_minimal_action_server/environment/ament_prefix_path.sh
[54.281s] -- Symlinking: /home/houyepu/ros2_ws/install/examples_rclcpp_minimal_action_server/share/examples_rclcpp_minimal_action_server/environment/ament_prefix_path.dsv
[54.309s] -- Symlinking: /home/houyepu/ros2_ws/install/examples_rclcpp_minimal_action_server/share/examples_rclcpp_minimal_action_server/environment/path.sh
[54.326s] -- Symlinking: /home/houyepu/ros2_ws/install/examples_rclcpp_minimal_action_server/share/examples_rclcpp_minimal_action_server/environment/path.dsv
[54.351s] -- Symlinking: /home/houyepu/ros2_ws/install/examples_rclcpp_minimal_action_server/share/examples_rclcpp_minimal_action_server/local_setup.bash
[54.382s] -- Symlinking: /home/houyepu/ros2_ws/install/examples_rclcpp_minimal_action_server/share/examples_rclcpp_minimal_action_server/local_setup.sh
[54.405s] -- Symlinking: /home/houyepu/ros2_ws/install/examples_rclcpp_minimal_action_server/share/examples_rclcpp_minimal_action_server/local_setup.zsh
[54.441s] -- Symlinking: /home/houyepu/ros2_ws/install/examples_rclcpp_minimal_action_server/share/examples_rclcpp_minimal_action_server/local_setup.dsv
[54.457s] -- Symlinking: /home/houyepu/ros2_ws/install/examples_rclcpp_minimal_action_server/share/examples_rclcpp_minimal_action_server/package.dsv
[54.483s] -- Symlinking: /home/houyepu/ros2_ws/install/examples_rclcpp_minimal_action_server/share/ament_index/resource_index/packages/examples_rclcpp_minimal_action_server
[54.491s] -- Symlinking: /home/houyepu/ros2_ws/install/examples_rclcpp_minimal_action_server/share/examples_rclcpp_minimal_action_server/cmake/examples_rclcpp_minimal_action_serverConfig.cmake
[54.491s] -- Symlinking: /home/houyepu/ros2_ws/install/examples_rclcpp_minimal_action_server/share/examples_rclcpp_minimal_action_server/cmake/examples_rclcpp_minimal_action_serverConfig-version.cmake
[54.510s] -- Symlinking: /home/houyepu/ros2_ws/install/examples_rclcpp_minimal_action_server/share/examples_rclcpp_minimal_action_server/package.xml
[54.530s] Invoked command in '/home/houyepu/ros2_ws/build/examples_rclcpp_minimal_action_server' returned '0': CMAKE_PREFIX_PATH=/opt/ros/humble /usr/bin/cmake --install /home/houyepu/ros2_ws/build/examples_rclcpp_minimal_action_server
