[0.837s] Invoking command in '/home/houyepu/ros2_ws/build/examples_rclpy_minimal_action_server': PYTHONPATH=/home/houyepu/ros2_ws/build/examples_rclpy_minimal_action_server/prefix_override:/home/houyepu/ros2_ws/install/examples_rclpy_minimal_action_server/lib/python3.10/site-packages:${PYTHONPATH} /usr/bin/python3 -W ignore:setup.py install is deprecated setup.py develop --editable --build-directory /home/houyepu/ros2_ws/build/examples_rclpy_minimal_action_server/build --no-deps symlink_data
[1.248s] running develop
[1.248s] /usr/lib/python3/dist-packages/setuptools/command/easy_install.py:158: EasyInstallDeprecationWarning: easy_install command is deprecated. Use build and pip and other standards-based tools.
[1.248s]   warnings.warn(
[1.459s] running egg_info
[1.460s] creating examples_rclpy_minimal_action_server.egg-info
[1.460s] writing examples_rclpy_minimal_action_server.egg-info/PKG-INFO
[1.461s] writing dependency_links to examples_rclpy_minimal_action_server.egg-info/dependency_links.txt
[1.461s] writing entry points to examples_rclpy_minimal_action_server.egg-info/entry_points.txt
[1.461s] writing requirements to examples_rclpy_minimal_action_server.egg-info/requires.txt
[1.462s] writing top-level names to examples_rclpy_minimal_action_server.egg-info/top_level.txt
[1.462s] writing manifest file 'examples_rclpy_minimal_action_server.egg-info/SOURCES.txt'
[1.466s] reading manifest file 'examples_rclpy_minimal_action_server.egg-info/SOURCES.txt'
[1.466s] writing manifest file 'examples_rclpy_minimal_action_server.egg-info/SOURCES.txt'
[1.468s] running build_ext
[1.469s] Creating /home/houyepu/ros2_ws/install/examples_rclpy_minimal_action_server/lib/python3.10/site-packages/examples-rclpy-minimal-action-server.egg-link (link to .)
[1.470s] Installing server script to /home/houyepu/ros2_ws/install/examples_rclpy_minimal_action_server/lib/examples_rclpy_minimal_action_server
[1.470s] Installing server_defer script to /home/houyepu/ros2_ws/install/examples_rclpy_minimal_action_server/lib/examples_rclpy_minimal_action_server
[1.470s] Installing server_not_composable script to /home/houyepu/ros2_ws/install/examples_rclpy_minimal_action_server/lib/examples_rclpy_minimal_action_server
[1.471s] Installing server_queue_goals script to /home/houyepu/ros2_ws/install/examples_rclpy_minimal_action_server/lib/examples_rclpy_minimal_action_server
[1.471s] Installing server_single_goal script to /home/houyepu/ros2_ws/install/examples_rclpy_minimal_action_server/lib/examples_rclpy_minimal_action_server
[1.471s] 
[1.471s] Installed /home/houyepu/ros2_ws/build/examples_rclpy_minimal_action_server
[1.471s] running symlink_data
[1.472s] creating /home/houyepu/ros2_ws/install/examples_rclpy_minimal_action_server/share/ament_index
[1.472s] creating /home/houyepu/ros2_ws/install/examples_rclpy_minimal_action_server/share/ament_index/resource_index
[1.472s] creating /home/houyepu/ros2_ws/install/examples_rclpy_minimal_action_server/share/ament_index/resource_index/packages
[1.472s] symbolically linking /home/houyepu/ros2_ws/build/examples_rclpy_minimal_action_server/resource/examples_rclpy_minimal_action_server -> /home/houyepu/ros2_ws/install/examples_rclpy_minimal_action_server/share/ament_index/resource_index/packages
[1.472s] symbolically linking /home/houyepu/ros2_ws/build/examples_rclpy_minimal_action_server/package.xml -> /home/houyepu/ros2_ws/install/examples_rclpy_minimal_action_server/share/examples_rclpy_minimal_action_server
[1.518s] Invoked command in '/home/houyepu/ros2_ws/build/examples_rclpy_minimal_action_server' returned '0': PYTHONPATH=/home/houyepu/ros2_ws/build/examples_rclpy_minimal_action_server/prefix_override:/home/houyepu/ros2_ws/install/examples_rclpy_minimal_action_server/lib/python3.10/site-packages:${PYTHONPATH} /usr/bin/python3 -W ignore:setup.py install is deprecated setup.py develop --editable --build-directory /home/houyepu/ros2_ws/build/examples_rclpy_minimal_action_server/build --no-deps symlink_data
