[0.924s] Invoking command in '/home/houyepu/ros2_ws/build/examples_rclpy_minimal_client': PYTHONPATH=/home/houyepu/ros2_ws/build/examples_rclpy_minimal_client/prefix_override:/home/houyepu/ros2_ws/install/examples_rclpy_minimal_client/lib/python3.10/site-packages:${PYTHONPATH} /usr/bin/python3 -W ignore:setup.py install is deprecated setup.py develop --editable --build-directory /home/houyepu/ros2_ws/build/examples_rclpy_minimal_client/build --no-deps symlink_data
[1.289s] running develop
[1.290s] /usr/lib/python3/dist-packages/setuptools/command/easy_install.py:158: EasyInstallDeprecationWarning: easy_install command is deprecated. Use build and pip and other standards-based tools.
[1.290s]   warnings.warn(
[1.515s] running egg_info
[1.515s] creating examples_rclpy_minimal_client.egg-info
[1.516s] writing examples_rclpy_minimal_client.egg-info/PKG-INFO
[1.516s] writing dependency_links to examples_rclpy_minimal_client.egg-info/dependency_links.txt
[1.516s] writing entry points to examples_rclpy_minimal_client.egg-info/entry_points.txt
[1.516s] writing requirements to examples_rclpy_minimal_client.egg-info/requires.txt
[1.517s] writing top-level names to examples_rclpy_minimal_client.egg-info/top_level.txt
[1.517s] writing manifest file 'examples_rclpy_minimal_client.egg-info/SOURCES.txt'
[1.520s] reading manifest file 'examples_rclpy_minimal_client.egg-info/SOURCES.txt'
[1.521s] writing manifest file 'examples_rclpy_minimal_client.egg-info/SOURCES.txt'
[1.523s] running build_ext
[1.523s] Creating /home/houyepu/ros2_ws/install/examples_rclpy_minimal_client/lib/python3.10/site-packages/examples-rclpy-minimal-client.egg-link (link to .)
[1.524s] Installing client script to /home/houyepu/ros2_ws/install/examples_rclpy_minimal_client/lib/examples_rclpy_minimal_client
[1.524s] Installing client_async script to /home/houyepu/ros2_ws/install/examples_rclpy_minimal_client/lib/examples_rclpy_minimal_client
[1.524s] Installing client_async_callback script to /home/houyepu/ros2_ws/install/examples_rclpy_minimal_client/lib/examples_rclpy_minimal_client
[1.524s] Installing client_async_member_function script to /home/houyepu/ros2_ws/install/examples_rclpy_minimal_client/lib/examples_rclpy_minimal_client
[1.525s] 
[1.525s] Installed /home/houyepu/ros2_ws/build/examples_rclpy_minimal_client
[1.525s] running symlink_data
[1.525s] creating /home/houyepu/ros2_ws/install/examples_rclpy_minimal_client/share/ament_index
[1.525s] creating /home/houyepu/ros2_ws/install/examples_rclpy_minimal_client/share/ament_index/resource_index
[1.525s] creating /home/houyepu/ros2_ws/install/examples_rclpy_minimal_client/share/ament_index/resource_index/packages
[1.526s] symbolically linking /home/houyepu/ros2_ws/build/examples_rclpy_minimal_client/resource/examples_rclpy_minimal_client -> /home/houyepu/ros2_ws/install/examples_rclpy_minimal_client/share/ament_index/resource_index/packages
[1.526s] symbolically linking /home/houyepu/ros2_ws/build/examples_rclpy_minimal_client/package.xml -> /home/houyepu/ros2_ws/install/examples_rclpy_minimal_client/share/examples_rclpy_minimal_client
[1.561s] Invoked command in '/home/houyepu/ros2_ws/build/examples_rclpy_minimal_client' returned '0': PYTHONPATH=/home/houyepu/ros2_ws/build/examples_rclpy_minimal_client/prefix_override:/home/houyepu/ros2_ws/install/examples_rclpy_minimal_client/lib/python3.10/site-packages:${PYTHONPATH} /usr/bin/python3 -W ignore:setup.py install is deprecated setup.py develop --editable --build-directory /home/houyepu/ros2_ws/build/examples_rclpy_minimal_client/build --no-deps symlink_data
