[0.265s] Invoking command in '/home/houyepu/ros2_ws/build/my_package': CMAKE_PREFIX_PATH=/opt/ros/humble /usr/bin/cmake /home/houyepu/ros2_ws/src/my_package -DCMAKE_INSTALL_PREFIX=/home/houyepu/ros2_ws/install/my_package
[0.330s] -- The C compiler identification is GNU 11.4.0
[0.405s] -- The CXX compiler identification is GNU 11.4.0
[0.415s] -- Detecting C compiler ABI info
[0.516s] -- Detecting C compiler ABI info - done
[0.532s] -- Check for working C compiler: /usr/bin/cc - skipped
[0.533s] -- Detecting C compile features
[0.534s] -- Detecting C compile features - done
[0.540s] -- Detecting CXX compiler ABI info
[0.641s] -- Detecting CXX compiler ABI info - done
[0.654s] -- Check for working CXX compiler: /usr/bin/c++ - skipped
[0.655s] -- Detecting CXX compile features
[0.656s] -- Detecting CXX compile features - done
[0.659s] -- Found ament_cmake: 1.3.8 (/opt/ros/humble/share/ament_cmake/cmake)
[0.840s] -- Found Python3: /usr/bin/python3 (found version "3.10.12") found components: Interpreter 
[0.955s] -- Found ament_lint_auto: 0.12.10 (/opt/ros/humble/share/ament_lint_auto/cmake)
[1.039s] -- Added test 'cppcheck' to perform static code analysis on C / C++ code
[1.039s] -- Configured cppcheck include dirs: $<BUILD_INTERFACE:/home/houyepu/ros2_ws/src/my_package/include>
[1.039s] -- Configured cppcheck exclude dirs and/or files: 
[1.040s] -- Added test 'lint_cmake' to check CMake code style
[1.041s] -- Added test 'uncrustify' to check C / C++ code style
[1.041s] -- Configured uncrustify additional arguments: 
[1.041s] -- Added test 'xmllint' to check XML markup files
[1.042s] -- Configuring done
[1.046s] -- Generating done
[1.047s] -- Build files have been written to: /home/houyepu/ros2_ws/build/my_package
[1.052s] Invoked command in '/home/houyepu/ros2_ws/build/my_package' returned '0': CMAKE_PREFIX_PATH=/opt/ros/humble /usr/bin/cmake /home/houyepu/ros2_ws/src/my_package -DCMAKE_INSTALL_PREFIX=/home/houyepu/ros2_ws/install/my_package
[1.053s] Invoking command in '/home/houyepu/ros2_ws/build/my_package': CMAKE_PREFIX_PATH=/opt/ros/humble /usr/bin/cmake --build /home/houyepu/ros2_ws/build/my_package -- -j4 -l4
[1.096s] [ 50%] [32mBuilding CXX object CMakeFiles/my_node.dir/src/my_node.cpp.o[0m
[1.126s] [100%] [32m[1mLinking CXX executable my_node[0m
[1.168s] [100%] Built target my_node
[1.178s] Invoked command in '/home/houyepu/ros2_ws/build/my_package' returned '0': CMAKE_PREFIX_PATH=/opt/ros/humble /usr/bin/cmake --build /home/houyepu/ros2_ws/build/my_package -- -j4 -l4
[1.200s] Invoking command in '/home/houyepu/ros2_ws/build/my_package': CMAKE_PREFIX_PATH=/opt/ros/humble /usr/bin/cmake --install /home/houyepu/ros2_ws/build/my_package
[1.206s] -- Install configuration: ""
[1.206s] -- Installing: /home/houyepu/ros2_ws/install/my_package/lib/my_package/my_node
[1.206s] -- Installing: /home/houyepu/ros2_ws/install/my_package/share/ament_index/resource_index/package_run_dependencies/my_package
[1.207s] -- Installing: /home/houyepu/ros2_ws/install/my_package/share/ament_index/resource_index/parent_prefix_path/my_package
[1.207s] -- Installing: /home/houyepu/ros2_ws/install/my_package/share/my_package/environment/ament_prefix_path.sh
[1.207s] -- Installing: /home/houyepu/ros2_ws/install/my_package/share/my_package/environment/ament_prefix_path.dsv
[1.208s] -- Installing: /home/houyepu/ros2_ws/install/my_package/share/my_package/environment/path.sh
[1.208s] -- Installing: /home/houyepu/ros2_ws/install/my_package/share/my_package/environment/path.dsv
[1.208s] -- Installing: /home/houyepu/ros2_ws/install/my_package/share/my_package/local_setup.bash
[1.208s] -- Installing: /home/houyepu/ros2_ws/install/my_package/share/my_package/local_setup.sh
[1.208s] -- Installing: /home/houyepu/ros2_ws/install/my_package/share/my_package/local_setup.zsh
[1.208s] -- Installing: /home/houyepu/ros2_ws/install/my_package/share/my_package/local_setup.dsv
[1.209s] -- Installing: /home/houyepu/ros2_ws/install/my_package/share/my_package/package.dsv
[1.209s] -- Installing: /home/houyepu/ros2_ws/install/my_package/share/ament_index/resource_index/packages/my_package
[1.209s] -- Installing: /home/houyepu/ros2_ws/install/my_package/share/my_package/cmake/my_packageConfig.cmake
[1.209s] -- Installing: /home/houyepu/ros2_ws/install/my_package/share/my_package/cmake/my_packageConfig-version.cmake
[1.209s] -- Installing: /home/houyepu/ros2_ws/install/my_package/share/my_package/package.xml
[1.213s] Invoked command in '/home/houyepu/ros2_ws/build/my_package' returned '0': CMAKE_PREFIX_PATH=/opt/ros/humble /usr/bin/cmake --install /home/houyepu/ros2_ws/build/my_package
