[0.818s] Invoking command in '/home/houyepu/ros2_ws/build/examples_rclpy_pointcloud_publisher': PYTHONPATH=/home/houyepu/ros2_ws/build/examples_rclpy_pointcloud_publisher/prefix_override:/home/houyepu/ros2_ws/install/examples_rclpy_pointcloud_publisher/lib/python3.10/site-packages:${PYTHONPATH} /usr/bin/python3 -W ignore:setup.py install is deprecated setup.py develop --editable --build-directory /home/houyepu/ros2_ws/build/examples_rclpy_pointcloud_publisher/build --no-deps symlink_data
[1.195s] running develop
[1.196s] /usr/lib/python3/dist-packages/setuptools/command/easy_install.py:158: EasyInstallDeprecationWarning: easy_install command is deprecated. Use build and pip and other standards-based tools.
[1.196s]   warnings.warn(
[1.417s] running egg_info
[1.417s] creating examples_rclpy_pointcloud_publisher.egg-info
[1.417s] writing examples_rclpy_pointcloud_publisher.egg-info/PKG-INFO
[1.418s] writing dependency_links to examples_rclpy_pointcloud_publisher.egg-info/dependency_links.txt
[1.418s] writing entry points to examples_rclpy_pointcloud_publisher.egg-info/entry_points.txt
[1.418s] writing requirements to examples_rclpy_pointcloud_publisher.egg-info/requires.txt
[1.418s] writing top-level names to examples_rclpy_pointcloud_publisher.egg-info/top_level.txt
[1.418s] writing manifest file 'examples_rclpy_pointcloud_publisher.egg-info/SOURCES.txt'
[1.422s] reading manifest file 'examples_rclpy_pointcloud_publisher.egg-info/SOURCES.txt'
[1.423s] writing manifest file 'examples_rclpy_pointcloud_publisher.egg-info/SOURCES.txt'
[1.425s] running build_ext
[1.425s] Creating /home/houyepu/ros2_ws/install/examples_rclpy_pointcloud_publisher/lib/python3.10/site-packages/examples-rclpy-pointcloud-publisher.egg-link (link to .)
[1.426s] Installing pointcloud_publisher script to /home/houyepu/ros2_ws/install/examples_rclpy_pointcloud_publisher/lib/examples_rclpy_pointcloud_publisher
[1.426s] 
[1.427s] Installed /home/houyepu/ros2_ws/build/examples_rclpy_pointcloud_publisher
[1.427s] running symlink_data
[1.427s] creating /home/houyepu/ros2_ws/install/examples_rclpy_pointcloud_publisher/share/ament_index
[1.427s] creating /home/houyepu/ros2_ws/install/examples_rclpy_pointcloud_publisher/share/ament_index/resource_index
[1.427s] creating /home/houyepu/ros2_ws/install/examples_rclpy_pointcloud_publisher/share/ament_index/resource_index/packages
[1.428s] symbolically linking /home/houyepu/ros2_ws/build/examples_rclpy_pointcloud_publisher/resource/examples_rclpy_pointcloud_publisher -> /home/houyepu/ros2_ws/install/examples_rclpy_pointcloud_publisher/share/ament_index/resource_index/packages
[1.428s] symbolically linking /home/houyepu/ros2_ws/build/examples_rclpy_pointcloud_publisher/package.xml -> /home/houyepu/ros2_ws/install/examples_rclpy_pointcloud_publisher/share/examples_rclpy_pointcloud_publisher
[1.468s] Invoked command in '/home/houyepu/ros2_ws/build/examples_rclpy_pointcloud_publisher' returned '0': PYTHONPATH=/home/houyepu/ros2_ws/build/examples_rclpy_pointcloud_publisher/prefix_override:/home/houyepu/ros2_ws/install/examples_rclpy_pointcloud_publisher/lib/python3.10/site-packages:${PYTHONPATH} /usr/bin/python3 -W ignore:setup.py install is deprecated setup.py develop --editable --build-directory /home/houyepu/ros2_ws/build/examples_rclpy_pointcloud_publisher/build --no-deps symlink_data
