[0.829s] Invoking command in '/home/houyepu/ros2_ws/build/examples_rclpy_minimal_publisher': PYTHONPATH=/home/houyepu/ros2_ws/build/examples_rclpy_minimal_publisher/prefix_override:/home/houyepu/ros2_ws/install/examples_rclpy_minimal_publisher/lib/python3.10/site-packages:${PYTHONPATH} /usr/bin/python3 -W ignore:setup.py install is deprecated setup.py develop --uninstall --editable --build-directory /home/houyepu/ros2_ws/build/examples_rclpy_minimal_publisher/build
[1.095s] running develop
[1.095s] /usr/lib/python3/dist-packages/setuptools/command/easy_install.py:158: EasyInstallDeprecationWarning: easy_install command is deprecated. Use build and pip and other standards-based tools.
[1.095s]   warnings.warn(
[1.317s] Removing /home/houyepu/ros2_ws/install/examples_rclpy_minimal_publisher/lib/python3.10/site-packages/examples-rclpy-minimal-publisher.egg-link (link to .)
[1.590s] Invoked command in '/home/houyepu/ros2_ws/build/examples_rclpy_minimal_publisher' returned '0': PYTHONPATH=/home/houyepu/ros2_ws/build/examples_rclpy_minimal_publisher/prefix_override:/home/houyepu/ros2_ws/install/examples_rclpy_minimal_publisher/lib/python3.10/site-packages:${PYTHONPATH} /usr/bin/python3 -W ignore:setup.py install is deprecated setup.py develop --uninstall --editable --build-directory /home/houyepu/ros2_ws/build/examples_rclpy_minimal_publisher/build
[1.591s] Invoking command in '/home/houyepu/ros2_ws/src/examples/rclpy/topics/minimal_publisher': PYTHONPATH=/home/houyepu/ros2_ws/build/examples_rclpy_minimal_publisher/prefix_override:/home/houyepu/ros2_ws/install/examples_rclpy_minimal_publisher/lib/python3.10/site-packages:${PYTHONPATH} /usr/bin/python3 -W ignore:setup.py install is deprecated setup.py egg_info --egg-base ../../../../../build/examples_rclpy_minimal_publisher build --build-base /home/houyepu/ros2_ws/build/examples_rclpy_minimal_publisher/build install --record /home/houyepu/ros2_ws/build/examples_rclpy_minimal_publisher/install.log --single-version-externally-managed install_data --force
[1.806s] running egg_info
[1.807s] writing ../../../../../build/examples_rclpy_minimal_publisher/examples_rclpy_minimal_publisher.egg-info/PKG-INFO
[1.807s] writing dependency_links to ../../../../../build/examples_rclpy_minimal_publisher/examples_rclpy_minimal_publisher.egg-info/dependency_links.txt
[1.808s] writing entry points to ../../../../../build/examples_rclpy_minimal_publisher/examples_rclpy_minimal_publisher.egg-info/entry_points.txt
[1.808s] writing requirements to ../../../../../build/examples_rclpy_minimal_publisher/examples_rclpy_minimal_publisher.egg-info/requires.txt
[1.808s] writing top-level names to ../../../../../build/examples_rclpy_minimal_publisher/examples_rclpy_minimal_publisher.egg-info/top_level.txt
[1.810s] reading manifest file '../../../../../build/examples_rclpy_minimal_publisher/examples_rclpy_minimal_publisher.egg-info/SOURCES.txt'
[1.811s] writing manifest file '../../../../../build/examples_rclpy_minimal_publisher/examples_rclpy_minimal_publisher.egg-info/SOURCES.txt'
[1.811s] running build
[1.811s] running build_py
[1.812s] creating /home/houyepu/ros2_ws/build/examples_rclpy_minimal_publisher/build
[1.812s] creating /home/houyepu/ros2_ws/build/examples_rclpy_minimal_publisher/build/lib
[1.812s] creating /home/houyepu/ros2_ws/build/examples_rclpy_minimal_publisher/build/lib/examples_rclpy_minimal_publisher
[1.812s] copying examples_rclpy_minimal_publisher/publisher_member_function.py -> /home/houyepu/ros2_ws/build/examples_rclpy_minimal_publisher/build/lib/examples_rclpy_minimal_publisher
[1.813s] copying examples_rclpy_minimal_publisher/publisher_old_school.py -> /home/houyepu/ros2_ws/build/examples_rclpy_minimal_publisher/build/lib/examples_rclpy_minimal_publisher
[1.813s] copying examples_rclpy_minimal_publisher/__init__.py -> /home/houyepu/ros2_ws/build/examples_rclpy_minimal_publisher/build/lib/examples_rclpy_minimal_publisher
[1.814s] copying examples_rclpy_minimal_publisher/publisher_local_function.py -> /home/houyepu/ros2_ws/build/examples_rclpy_minimal_publisher/build/lib/examples_rclpy_minimal_publisher
[1.814s] running install
[1.814s] running install_lib
[1.815s] creating /home/houyepu/ros2_ws/install/examples_rclpy_minimal_publisher/lib/python3.10/site-packages/examples_rclpy_minimal_publisher
[1.815s] copying /home/houyepu/ros2_ws/build/examples_rclpy_minimal_publisher/build/lib/examples_rclpy_minimal_publisher/publisher_member_function.py -> /home/houyepu/ros2_ws/install/examples_rclpy_minimal_publisher/lib/python3.10/site-packages/examples_rclpy_minimal_publisher
[1.815s] copying /home/houyepu/ros2_ws/build/examples_rclpy_minimal_publisher/build/lib/examples_rclpy_minimal_publisher/publisher_old_school.py -> /home/houyepu/ros2_ws/install/examples_rclpy_minimal_publisher/lib/python3.10/site-packages/examples_rclpy_minimal_publisher
[1.815s] copying /home/houyepu/ros2_ws/build/examples_rclpy_minimal_publisher/build/lib/examples_rclpy_minimal_publisher/__init__.py -> /home/houyepu/ros2_ws/install/examples_rclpy_minimal_publisher/lib/python3.10/site-packages/examples_rclpy_minimal_publisher
[1.815s] copying /home/houyepu/ros2_ws/build/examples_rclpy_minimal_publisher/build/lib/examples_rclpy_minimal_publisher/publisher_local_function.py -> /home/houyepu/ros2_ws/install/examples_rclpy_minimal_publisher/lib/python3.10/site-packages/examples_rclpy_minimal_publisher
[1.816s] byte-compiling /home/houyepu/ros2_ws/install/examples_rclpy_minimal_publisher/lib/python3.10/site-packages/examples_rclpy_minimal_publisher/publisher_member_function.py to publisher_member_function.cpython-310.pyc
[1.816s] byte-compiling /home/houyepu/ros2_ws/install/examples_rclpy_minimal_publisher/lib/python3.10/site-packages/examples_rclpy_minimal_publisher/publisher_old_school.py to publisher_old_school.cpython-310.pyc
[1.817s] byte-compiling /home/houyepu/ros2_ws/install/examples_rclpy_minimal_publisher/lib/python3.10/site-packages/examples_rclpy_minimal_publisher/__init__.py to __init__.cpython-310.pyc
[1.817s] byte-compiling /home/houyepu/ros2_ws/install/examples_rclpy_minimal_publisher/lib/python3.10/site-packages/examples_rclpy_minimal_publisher/publisher_local_function.py to publisher_local_function.cpython-310.pyc
[1.817s] running install_data
[1.817s] copying resource/examples_rclpy_minimal_publisher -> /home/houyepu/ros2_ws/install/examples_rclpy_minimal_publisher/share/ament_index/resource_index/packages
[1.818s] copying package.xml -> /home/houyepu/ros2_ws/install/examples_rclpy_minimal_publisher/share/examples_rclpy_minimal_publisher
[1.818s] running install_egg_info
[1.820s] Copying ../../../../../build/examples_rclpy_minimal_publisher/examples_rclpy_minimal_publisher.egg-info to /home/houyepu/ros2_ws/install/examples_rclpy_minimal_publisher/lib/python3.10/site-packages/examples_rclpy_minimal_publisher-0.15.1-py3.10.egg-info
[1.822s] running install_scripts
[1.844s] Installing publisher_local_function script to /home/houyepu/ros2_ws/install/examples_rclpy_minimal_publisher/lib/examples_rclpy_minimal_publisher
[1.845s] Installing publisher_member_function script to /home/houyepu/ros2_ws/install/examples_rclpy_minimal_publisher/lib/examples_rclpy_minimal_publisher
[1.845s] Installing publisher_old_school script to /home/houyepu/ros2_ws/install/examples_rclpy_minimal_publisher/lib/examples_rclpy_minimal_publisher
[1.846s] writing list of installed files to '/home/houyepu/ros2_ws/build/examples_rclpy_minimal_publisher/install.log'
[1.880s] Invoked command in '/home/houyepu/ros2_ws/src/examples/rclpy/topics/minimal_publisher' returned '0': PYTHONPATH=/home/houyepu/ros2_ws/build/examples_rclpy_minimal_publisher/prefix_override:/home/houyepu/ros2_ws/install/examples_rclpy_minimal_publisher/lib/python3.10/site-packages:${PYTHONPATH} /usr/bin/python3 -W ignore:setup.py install is deprecated setup.py egg_info --egg-base ../../../../../build/examples_rclpy_minimal_publisher build --build-base /home/houyepu/ros2_ws/build/examples_rclpy_minimal_publisher/build install --record /home/houyepu/ros2_ws/build/examples_rclpy_minimal_publisher/install.log --single-version-externally-managed install_data --force
