[0.865s] Invoking command in '/home/houyepu/ros2_ws/build/examples_rclpy_minimal_action_client': PYTHONPATH=/home/houyepu/ros2_ws/build/examples_rclpy_minimal_action_client/prefix_override:/home/houyepu/ros2_ws/install/examples_rclpy_minimal_action_client/lib/python3.10/site-packages:${PYTHONPATH} /usr/bin/python3 -W ignore:setup.py install is deprecated setup.py develop --editable --build-directory /home/houyepu/ros2_ws/build/examples_rclpy_minimal_action_client/build --no-deps symlink_data
[1.261s] running develop
[1.262s] /usr/lib/python3/dist-packages/setuptools/command/easy_install.py:158: EasyInstallDeprecationWarning: easy_install command is deprecated. Use build and pip and other standards-based tools.
[1.262s]   warnings.warn(
[1.510s] running egg_info
[1.510s] creating examples_rclpy_minimal_action_client.egg-info
[1.510s] writing examples_rclpy_minimal_action_client.egg-info/PKG-INFO
[1.512s] writing dependency_links to examples_rclpy_minimal_action_client.egg-info/dependency_links.txt
[1.512s] writing entry points to examples_rclpy_minimal_action_client.egg-info/entry_points.txt
[1.512s] writing requirements to examples_rclpy_minimal_action_client.egg-info/requires.txt
[1.513s] writing top-level names to examples_rclpy_minimal_action_client.egg-info/top_level.txt
[1.513s] writing manifest file 'examples_rclpy_minimal_action_client.egg-info/SOURCES.txt'
[1.517s] reading manifest file 'examples_rclpy_minimal_action_client.egg-info/SOURCES.txt'
[1.518s] writing manifest file 'examples_rclpy_minimal_action_client.egg-info/SOURCES.txt'
[1.520s] running build_ext
[1.520s] Creating /home/houyepu/ros2_ws/install/examples_rclpy_minimal_action_client/lib/python3.10/site-packages/examples-rclpy-minimal-action-client.egg-link (link to .)
[1.521s] Installing client script to /home/houyepu/ros2_ws/install/examples_rclpy_minimal_action_client/lib/examples_rclpy_minimal_action_client
[1.522s] Installing client_asyncio script to /home/houyepu/ros2_ws/install/examples_rclpy_minimal_action_client/lib/examples_rclpy_minimal_action_client
[1.522s] Installing client_cancel script to /home/houyepu/ros2_ws/install/examples_rclpy_minimal_action_client/lib/examples_rclpy_minimal_action_client
[1.522s] Installing client_not_composable script to /home/houyepu/ros2_ws/install/examples_rclpy_minimal_action_client/lib/examples_rclpy_minimal_action_client
[1.523s] 
[1.523s] Installed /home/houyepu/ros2_ws/build/examples_rclpy_minimal_action_client
[1.523s] running symlink_data
[1.524s] creating /home/houyepu/ros2_ws/install/examples_rclpy_minimal_action_client/share/ament_index
[1.524s] creating /home/houyepu/ros2_ws/install/examples_rclpy_minimal_action_client/share/ament_index/resource_index
[1.524s] creating /home/houyepu/ros2_ws/install/examples_rclpy_minimal_action_client/share/ament_index/resource_index/packages
[1.524s] symbolically linking /home/houyepu/ros2_ws/build/examples_rclpy_minimal_action_client/resource/examples_rclpy_minimal_action_client -> /home/houyepu/ros2_ws/install/examples_rclpy_minimal_action_client/share/ament_index/resource_index/packages
[1.525s] symbolically linking /home/houyepu/ros2_ws/build/examples_rclpy_minimal_action_client/package.xml -> /home/houyepu/ros2_ws/install/examples_rclpy_minimal_action_client/share/examples_rclpy_minimal_action_client
[1.563s] Invoked command in '/home/houyepu/ros2_ws/build/examples_rclpy_minimal_action_client' returned '0': PYTHONPATH=/home/houyepu/ros2_ws/build/examples_rclpy_minimal_action_client/prefix_override:/home/houyepu/ros2_ws/install/examples_rclpy_minimal_action_client/lib/python3.10/site-packages:${PYTHONPATH} /usr/bin/python3 -W ignore:setup.py install is deprecated setup.py develop --editable --build-directory /home/houyepu/ros2_ws/build/examples_rclpy_minimal_action_client/build --no-deps symlink_data
