[0.009s] Invoking command in '/home/houyepu/ros2_ws/build/cpp_pubsub': CMAKE_PREFIX_PATH=${CMAKE_PREFIX_PATH}:/home/houyepu/ros2_ws/install/launch_testing_examples:/home/houyepu/ros2_ws/install/examples_rclpy_pointcloud_publisher:/home/houyepu/ros2_ws/install/examples_rclpy_minimal_subscriber:/home/houyepu/ros2_ws/install/examples_rclpy_minimal_service:/home/houyepu/ros2_ws/install/examples_rclpy_minimal_publisher:/home/houyepu/ros2_ws/install/examples_rclpy_minimal_client:/home/houyepu/ros2_ws/install/examples_rclpy_minimal_action_server:/home/houyepu/ros2_ws/install/examples_rclpy_minimal_action_client:/home/houyepu/ros2_ws/install/examples_rclpy_guard_conditions:/home/houyepu/ros2_ws/install/examples_rclpy_executors:/opt/ros/humble /usr/bin/cmake /home/houyepu/ros2_ws/src/cpp_pubsub -DCMAKE_INSTALL_PREFIX=/home/houyepu/ros2_ws/install/cpp_pubsub
[0.086s] -- The C compiler identification is GNU 11.4.0
[0.148s] -- The CXX compiler identification is GNU 11.4.0
[0.155s] -- Detecting C compiler ABI info
[0.243s] -- Detecting C compiler ABI info - done
[0.252s] -- Check for working C compiler: /usr/bin/cc - skipped
[0.253s] -- Detecting C compile features
[0.253s] -- Detecting C compile features - done
[0.257s] -- Detecting CXX compiler ABI info
[0.340s] -- Detecting CXX compiler ABI info - done
[0.348s] -- Check for working CXX compiler: /usr/bin/c++ - skipped
[0.349s] -- Detecting CXX compile features
[0.349s] -- Detecting CXX compile features - done
[0.355s] -- Found ament_cmake: 1.3.8 (/opt/ros/humble/share/ament_cmake/cmake)
[0.519s] -- Found Python3: /usr/bin/python3 (found version "3.10.12") found components: Interpreter 
[0.634s] -- Found rclcpp: 16.0.8 (/opt/ros/humble/share/rclcpp/cmake)
[0.704s] -- Found rosidl_generator_c: 3.1.5 (/opt/ros/humble/share/rosidl_generator_c/cmake)
[0.713s] -- Found rosidl_adapter: 3.1.5 (/opt/ros/humble/share/rosidl_adapter/cmake)
[0.726s] -- Found rosidl_generator_cpp: 3.1.5 (/opt/ros/humble/share/rosidl_generator_cpp/cmake)
[0.746s] -- Using all available rosidl_typesupport_c: rosidl_typesupport_fastrtps_c;rosidl_typesupport_introspection_c
[0.775s] -- Using all available rosidl_typesupport_cpp: rosidl_typesupport_fastrtps_cpp;rosidl_typesupport_introspection_cpp
[0.878s] -- Found rmw_implementation_cmake: 6.1.1 (/opt/ros/humble/share/rmw_implementation_cmake/cmake)
[0.883s] -- Found rmw_fastrtps_cpp: 6.2.6 (/opt/ros/humble/share/rmw_fastrtps_cpp/cmake)
[0.988s] -- Found OpenSSL: /usr/lib/aarch64-linux-gnu/libcrypto.so (found version "3.0.2")  
[1.019s] -- Found FastRTPS: /opt/ros/humble/include  
[1.076s] -- Using RMW implementation 'rmw_fastrtps_cpp' as default
[1.091s] -- Looking for pthread.h
[1.160s] -- Looking for pthread.h - found
[1.161s] -- Performing Test CMAKE_HAVE_LIBC_PTHREAD
[1.219s] -- Performing Test CMAKE_HAVE_LIBC_PTHREAD - Success
[1.220s] -- Found Threads: TRUE  
[1.489s] -- Configuring done
[1.500s] -- Generating done
[1.501s] -- Build files have been written to: /home/houyepu/ros2_ws/build/cpp_pubsub
[1.509s] Invoked command in '/home/houyepu/ros2_ws/build/cpp_pubsub' returned '0': CMAKE_PREFIX_PATH=${CMAKE_PREFIX_PATH}:/home/houyepu/ros2_ws/install/launch_testing_examples:/home/houyepu/ros2_ws/install/examples_rclpy_pointcloud_publisher:/home/houyepu/ros2_ws/install/examples_rclpy_minimal_subscriber:/home/houyepu/ros2_ws/install/examples_rclpy_minimal_service:/home/houyepu/ros2_ws/install/examples_rclpy_minimal_publisher:/home/houyepu/ros2_ws/install/examples_rclpy_minimal_client:/home/houyepu/ros2_ws/install/examples_rclpy_minimal_action_server:/home/houyepu/ros2_ws/install/examples_rclpy_minimal_action_client:/home/houyepu/ros2_ws/install/examples_rclpy_guard_conditions:/home/houyepu/ros2_ws/install/examples_rclpy_executors:/opt/ros/humble /usr/bin/cmake /home/houyepu/ros2_ws/src/cpp_pubsub -DCMAKE_INSTALL_PREFIX=/home/houyepu/ros2_ws/install/cpp_pubsub
[1.511s] Invoking command in '/home/houyepu/ros2_ws/build/cpp_pubsub': CMAKE_PREFIX_PATH=${CMAKE_PREFIX_PATH}:/home/houyepu/ros2_ws/install/launch_testing_examples:/home/houyepu/ros2_ws/install/examples_rclpy_pointcloud_publisher:/home/houyepu/ros2_ws/install/examples_rclpy_minimal_subscriber:/home/houyepu/ros2_ws/install/examples_rclpy_minimal_service:/home/houyepu/ros2_ws/install/examples_rclpy_minimal_publisher:/home/houyepu/ros2_ws/install/examples_rclpy_minimal_client:/home/houyepu/ros2_ws/install/examples_rclpy_minimal_action_server:/home/houyepu/ros2_ws/install/examples_rclpy_minimal_action_client:/home/houyepu/ros2_ws/install/examples_rclpy_guard_conditions:/home/houyepu/ros2_ws/install/examples_rclpy_executors:/opt/ros/humble /usr/bin/cmake --build /home/houyepu/ros2_ws/build/cpp_pubsub -- -j4 -l4
[1.546s] [ 50%] [32mBuilding CXX object CMakeFiles/talker.dir/src/publisher_member_function.cpp.o[0m
[1.547s] [ 50%] [32mBuilding CXX object CMakeFiles/listener.dir/src/subscriber_member_function.cpp.o[0m
[5.670s] [ 75%] [32m[1mLinking CXX executable talker[0m
[5.858s] [ 75%] Built target talker
[8.662s] [100%] [32m[1mLinking CXX executable listener[0m
[9.034s] [100%] Built target listener
[9.049s] Invoked command in '/home/houyepu/ros2_ws/build/cpp_pubsub' returned '0': CMAKE_PREFIX_PATH=${CMAKE_PREFIX_PATH}:/home/houyepu/ros2_ws/install/launch_testing_examples:/home/houyepu/ros2_ws/install/examples_rclpy_pointcloud_publisher:/home/houyepu/ros2_ws/install/examples_rclpy_minimal_subscriber:/home/houyepu/ros2_ws/install/examples_rclpy_minimal_service:/home/houyepu/ros2_ws/install/examples_rclpy_minimal_publisher:/home/houyepu/ros2_ws/install/examples_rclpy_minimal_client:/home/houyepu/ros2_ws/install/examples_rclpy_minimal_action_server:/home/houyepu/ros2_ws/install/examples_rclpy_minimal_action_client:/home/houyepu/ros2_ws/install/examples_rclpy_guard_conditions:/home/houyepu/ros2_ws/install/examples_rclpy_executors:/opt/ros/humble /usr/bin/cmake --build /home/houyepu/ros2_ws/build/cpp_pubsub -- -j4 -l4
[9.083s] Invoking command in '/home/houyepu/ros2_ws/build/cpp_pubsub': CMAKE_PREFIX_PATH=${CMAKE_PREFIX_PATH}:/home/houyepu/ros2_ws/install/launch_testing_examples:/home/houyepu/ros2_ws/install/examples_rclpy_pointcloud_publisher:/home/houyepu/ros2_ws/install/examples_rclpy_minimal_subscriber:/home/houyepu/ros2_ws/install/examples_rclpy_minimal_service:/home/houyepu/ros2_ws/install/examples_rclpy_minimal_publisher:/home/houyepu/ros2_ws/install/examples_rclpy_minimal_client:/home/houyepu/ros2_ws/install/examples_rclpy_minimal_action_server:/home/houyepu/ros2_ws/install/examples_rclpy_minimal_action_client:/home/houyepu/ros2_ws/install/examples_rclpy_guard_conditions:/home/houyepu/ros2_ws/install/examples_rclpy_executors:/opt/ros/humble /usr/bin/cmake --install /home/houyepu/ros2_ws/build/cpp_pubsub
[9.089s] -- Install configuration: ""
[9.089s] -- Installing: /home/houyepu/ros2_ws/install/cpp_pubsub/lib/cpp_pubsub/talker
[9.090s] -- Set runtime path of "/home/houyepu/ros2_ws/install/cpp_pubsub/lib/cpp_pubsub/talker" to ""
[9.090s] -- Installing: /home/houyepu/ros2_ws/install/cpp_pubsub/lib/cpp_pubsub/listener
[9.093s] -- Set runtime path of "/home/houyepu/ros2_ws/install/cpp_pubsub/lib/cpp_pubsub/listener" to ""
[9.093s] -- Installing: /home/houyepu/ros2_ws/install/cpp_pubsub/share/ament_index/resource_index/package_run_dependencies/cpp_pubsub
[9.093s] -- Installing: /home/houyepu/ros2_ws/install/cpp_pubsub/share/ament_index/resource_index/parent_prefix_path/cpp_pubsub
[9.093s] -- Installing: /home/houyepu/ros2_ws/install/cpp_pubsub/share/cpp_pubsub/environment/ament_prefix_path.sh
[9.094s] -- Installing: /home/houyepu/ros2_ws/install/cpp_pubsub/share/cpp_pubsub/environment/ament_prefix_path.dsv
[9.094s] -- Installing: /home/houyepu/ros2_ws/install/cpp_pubsub/share/cpp_pubsub/environment/path.sh
[9.094s] -- Installing: /home/houyepu/ros2_ws/install/cpp_pubsub/share/cpp_pubsub/environment/path.dsv
[9.094s] -- Installing: /home/houyepu/ros2_ws/install/cpp_pubsub/share/cpp_pubsub/local_setup.bash
[9.094s] -- Installing: /home/houyepu/ros2_ws/install/cpp_pubsub/share/cpp_pubsub/local_setup.sh
[9.094s] -- Installing: /home/houyepu/ros2_ws/install/cpp_pubsub/share/cpp_pubsub/local_setup.zsh
[9.094s] -- Installing: /home/houyepu/ros2_ws/install/cpp_pubsub/share/cpp_pubsub/local_setup.dsv
[9.095s] -- Installing: /home/houyepu/ros2_ws/install/cpp_pubsub/share/cpp_pubsub/package.dsv
[9.095s] -- Installing: /home/houyepu/ros2_ws/install/cpp_pubsub/share/ament_index/resource_index/packages/cpp_pubsub
[9.095s] -- Installing: /home/houyepu/ros2_ws/install/cpp_pubsub/share/cpp_pubsub/cmake/cpp_pubsubConfig.cmake
[9.095s] -- Installing: /home/houyepu/ros2_ws/install/cpp_pubsub/share/cpp_pubsub/cmake/cpp_pubsubConfig-version.cmake
[9.095s] -- Installing: /home/houyepu/ros2_ws/install/cpp_pubsub/share/cpp_pubsub/package.xml
[9.098s] Invoked command in '/home/houyepu/ros2_ws/build/cpp_pubsub' returned '0': CMAKE_PREFIX_PATH=${CMAKE_PREFIX_PATH}:/home/houyepu/ros2_ws/install/launch_testing_examples:/home/houyepu/ros2_ws/install/examples_rclpy_pointcloud_publisher:/home/houyepu/ros2_ws/install/examples_rclpy_minimal_subscriber:/home/houyepu/ros2_ws/install/examples_rclpy_minimal_service:/home/houyepu/ros2_ws/install/examples_rclpy_minimal_publisher:/home/houyepu/ros2_ws/install/examples_rclpy_minimal_client:/home/houyepu/ros2_ws/install/examples_rclpy_minimal_action_server:/home/houyepu/ros2_ws/install/examples_rclpy_minimal_action_client:/home/houyepu/ros2_ws/install/examples_rclpy_guard_conditions:/home/houyepu/ros2_ws/install/examples_rclpy_executors:/opt/ros/humble /usr/bin/cmake --install /home/houyepu/ros2_ws/build/cpp_pubsub
