[0.026s] Invoking command in '/home/houyepu/ros2_ws/build/examples_rclcpp_minimal_action_client': CMAKE_PREFIX_PATH=/opt/ros/humble /usr/bin/cmake /home/houyepu/ros2_ws/src/examples/rclcpp/actions/minimal_action_client -DCMAKE_INSTALL_PREFIX=/home/houyepu/ros2_ws/install/examples_rclcpp_minimal_action_client
[0.048s] -- Found ament_cmake: 1.3.8 (/opt/ros/humble/share/ament_cmake/cmake)
[0.186s] -- Override CMake install command with custom implementation using symlinks instead of copying resources
[0.193s] -- Found example_interfaces: 0.9.3 (/opt/ros/humble/share/example_interfaces/cmake)
[0.227s] -- Found rosidl_generator_c: 3.1.5 (/opt/ros/humble/share/rosidl_generator_c/cmake)
[0.230s] -- Found rosidl_adapter: 3.1.5 (/opt/ros/humble/share/rosidl_adapter/cmake)
[0.238s] -- Found rosidl_generator_cpp: 3.1.5 (/opt/ros/humble/share/rosidl_generator_cpp/cmake)
[0.252s] -- Using all available rosidl_typesupport_c: rosidl_typesupport_fastrtps_c;rosidl_typesupport_introspection_c
[0.272s] -- Using all available rosidl_typesupport_cpp: rosidl_typesupport_fastrtps_cpp;rosidl_typesupport_introspection_cpp
[0.539s] -- Found rclcpp: 16.0.8 (/opt/ros/humble/share/rclcpp/cmake)
[0.615s] -- Found rmw_implementation_cmake: 6.1.1 (/opt/ros/humble/share/rmw_implementation_cmake/cmake)
[0.617s] -- Found rmw_fastrtps_cpp: 6.2.6 (/opt/ros/humble/share/rmw_fastrtps_cpp/cmake)
[0.801s] -- Using RMW implementation 'rmw_fastrtps_cpp' as default
[1.082s] -- Found rclcpp_action: 16.0.8 (/opt/ros/humble/share/rclcpp_action/cmake)
[1.137s] -- Found ament_lint_auto: 0.12.10 (/opt/ros/humble/share/ament_lint_auto/cmake)
[1.234s] -- Added test 'copyright' to check source files copyright and LICENSE
[1.235s] -- Added test 'cppcheck' to perform static code analysis on C / C++ code
[1.235s] -- Configured cppcheck include dirs: 
[1.235s] -- Configured cppcheck exclude dirs and/or files: 
[1.236s] -- Added test 'cpplint' to check C / C++ code against the Google style
[1.236s] -- Configured cpplint exclude dirs and/or files: 
[1.237s] -- Added test 'lint_cmake' to check CMake code style
[1.238s] -- Added test 'uncrustify' to check C / C++ code style
[1.238s] -- Configured uncrustify additional arguments: 
[1.238s] -- Added test 'xmllint' to check XML markup files
[1.242s] -- Configuring done
[1.290s] -- Generating done
[1.293s] -- Build files have been written to: /home/houyepu/ros2_ws/build/examples_rclcpp_minimal_action_client
[1.306s] Invoked command in '/home/houyepu/ros2_ws/build/examples_rclcpp_minimal_action_client' returned '0': CMAKE_PREFIX_PATH=/opt/ros/humble /usr/bin/cmake /home/houyepu/ros2_ws/src/examples/rclcpp/actions/minimal_action_client -DCMAKE_INSTALL_PREFIX=/home/houyepu/ros2_ws/install/examples_rclcpp_minimal_action_client
[1.306s] Invoking command in '/home/houyepu/ros2_ws/build/examples_rclcpp_minimal_action_client': CMAKE_PREFIX_PATH=/opt/ros/humble /usr/bin/cmake --build /home/houyepu/ros2_ws/build/examples_rclcpp_minimal_action_client -- -j4 -l4
[1.358s] [35m[1mConsolidate compiler generated dependencies of target action_client_not_composable[0m
[1.390s] [35m[1mConsolidate compiler generated dependencies of target action_client_member_functions[0m
[1.391s] [35m[1mConsolidate compiler generated dependencies of target action_client_not_composable_with_feedback[0m
[1.402s] [35m[1mConsolidate compiler generated dependencies of target action_client_not_composable_with_cancel[0m
[1.404s] [ 25%] Built target action_client_not_composable
[1.438s] [ 50%] Built target action_client_member_functions
[1.445s] [100%] Built target action_client_not_composable_with_cancel
[1.446s] [100%] Built target action_client_not_composable_with_feedback
[1.456s] Invoked command in '/home/houyepu/ros2_ws/build/examples_rclcpp_minimal_action_client' returned '0': CMAKE_PREFIX_PATH=/opt/ros/humble /usr/bin/cmake --build /home/houyepu/ros2_ws/build/examples_rclcpp_minimal_action_client -- -j4 -l4
[1.493s] Invoking command in '/home/houyepu/ros2_ws/build/examples_rclcpp_minimal_action_client': CMAKE_PREFIX_PATH=/opt/ros/humble /usr/bin/cmake --install /home/houyepu/ros2_ws/build/examples_rclcpp_minimal_action_client
[1.502s] -- Install configuration: ""
[1.503s] -- Execute custom install script
[1.503s] -- Up-to-date symlink: /home/houyepu/ros2_ws/install/examples_rclcpp_minimal_action_client/lib/examples_rclcpp_minimal_action_client/action_client_member_functions
[1.503s] -- Up-to-date symlink: /home/houyepu/ros2_ws/install/examples_rclcpp_minimal_action_client/lib/examples_rclcpp_minimal_action_client/action_client_not_composable
[1.503s] -- Up-to-date symlink: /home/houyepu/ros2_ws/install/examples_rclcpp_minimal_action_client/lib/examples_rclcpp_minimal_action_client/action_client_not_composable_with_cancel
[1.503s] -- Up-to-date symlink: /home/houyepu/ros2_ws/install/examples_rclcpp_minimal_action_client/lib/examples_rclcpp_minimal_action_client/action_client_not_composable_with_feedback
[1.503s] -- Up-to-date symlink: /home/houyepu/ros2_ws/install/examples_rclcpp_minimal_action_client/share/ament_index/resource_index/package_run_dependencies/examples_rclcpp_minimal_action_client
[1.503s] -- Up-to-date symlink: /home/houyepu/ros2_ws/install/examples_rclcpp_minimal_action_client/share/ament_index/resource_index/parent_prefix_path/examples_rclcpp_minimal_action_client
[1.503s] -- Up-to-date symlink: /home/houyepu/ros2_ws/install/examples_rclcpp_minimal_action_client/share/examples_rclcpp_minimal_action_client/environment/ament_prefix_path.sh
[1.503s] -- Up-to-date symlink: /home/houyepu/ros2_ws/install/examples_rclcpp_minimal_action_client/share/examples_rclcpp_minimal_action_client/environment/ament_prefix_path.dsv
[1.503s] -- Up-to-date symlink: /home/houyepu/ros2_ws/install/examples_rclcpp_minimal_action_client/share/examples_rclcpp_minimal_action_client/environment/path.sh
[1.503s] -- Up-to-date symlink: /home/houyepu/ros2_ws/install/examples_rclcpp_minimal_action_client/share/examples_rclcpp_minimal_action_client/environment/path.dsv
[1.503s] -- Up-to-date symlink: /home/houyepu/ros2_ws/install/examples_rclcpp_minimal_action_client/share/examples_rclcpp_minimal_action_client/local_setup.bash
[1.504s] -- Up-to-date symlink: /home/houyepu/ros2_ws/install/examples_rclcpp_minimal_action_client/share/examples_rclcpp_minimal_action_client/local_setup.sh
[1.504s] -- Up-to-date symlink: /home/houyepu/ros2_ws/install/examples_rclcpp_minimal_action_client/share/examples_rclcpp_minimal_action_client/local_setup.zsh
[1.504s] -- Up-to-date symlink: /home/houyepu/ros2_ws/install/examples_rclcpp_minimal_action_client/share/examples_rclcpp_minimal_action_client/local_setup.dsv
[1.504s] -- Symlinking: /home/houyepu/ros2_ws/install/examples_rclcpp_minimal_action_client/share/examples_rclcpp_minimal_action_client/package.dsv
[1.511s] -- Up-to-date symlink: /home/houyepu/ros2_ws/install/examples_rclcpp_minimal_action_client/share/ament_index/resource_index/packages/examples_rclcpp_minimal_action_client
[1.511s] -- Up-to-date symlink: /home/houyepu/ros2_ws/install/examples_rclcpp_minimal_action_client/share/examples_rclcpp_minimal_action_client/cmake/examples_rclcpp_minimal_action_clientConfig.cmake
[1.511s] -- Up-to-date symlink: /home/houyepu/ros2_ws/install/examples_rclcpp_minimal_action_client/share/examples_rclcpp_minimal_action_client/cmake/examples_rclcpp_minimal_action_clientConfig-version.cmake
[1.511s] -- Up-to-date symlink: /home/houyepu/ros2_ws/install/examples_rclcpp_minimal_action_client/share/examples_rclcpp_minimal_action_client/package.xml
[1.515s] Invoked command in '/home/houyepu/ros2_ws/build/examples_rclcpp_minimal_action_client' returned '0': CMAKE_PREFIX_PATH=/opt/ros/humble /usr/bin/cmake --install /home/houyepu/ros2_ws/build/examples_rclcpp_minimal_action_client
