[0.023s] Invoking command in '/home/houyepu/ros2_ws/build/examples_rclcpp_async_client': CMAKE_PREFIX_PATH=/opt/ros/humble /usr/bin/cmake /home/houyepu/ros2_ws/src/examples/rclcpp/services/async_client -DAMENT_CMAKE_SYMLINK_INSTALL=1 -DCMAKE_INSTALL_PREFIX=/home/houyepu/ros2_ws/install/examples_rclcpp_async_client
[0.148s] -- The C compiler identification is GNU 11.4.0
[0.211s] -- The CXX compiler identification is GNU 11.4.0
[0.219s] -- Detecting C compiler ABI info
[0.287s] -- Detecting C compiler ABI info - done
[0.296s] -- Check for working C compiler: /usr/bin/cc - skipped
[0.297s] -- Detecting C compile features
[0.297s] -- Detecting C compile features - done
[0.301s] -- Detecting CXX compiler ABI info
[0.383s] -- Detecting CXX compiler ABI info - done
[0.393s] -- Check for working CXX compiler: /usr/bin/c++ - skipped
[0.393s] -- Detecting CXX compile features
[0.394s] -- Detecting CXX compile features - done
[0.400s] -- Found ament_cmake: 1.3.8 (/opt/ros/humble/share/ament_cmake/cmake)
[0.573s] -- Found Python3: /usr/bin/python3 (found version "3.10.12") found components: Interpreter 
[0.663s] -- Override CMake install command with custom implementation using symlinks instead of copying resources
[0.736s] -- Found example_interfaces: 0.9.3 (/opt/ros/humble/share/example_interfaces/cmake)
[0.807s] -- Found rosidl_generator_c: 3.1.5 (/opt/ros/humble/share/rosidl_generator_c/cmake)
[0.816s] -- Found rosidl_adapter: 3.1.5 (/opt/ros/humble/share/rosidl_adapter/cmake)
[0.833s] -- Found rosidl_generator_cpp: 3.1.5 (/opt/ros/humble/share/rosidl_generator_cpp/cmake)
[0.858s] -- Using all available rosidl_typesupport_c: rosidl_typesupport_fastrtps_c;rosidl_typesupport_introspection_c
[0.889s] -- Using all available rosidl_typesupport_cpp: rosidl_typesupport_fastrtps_cpp;rosidl_typesupport_introspection_cpp
[1.138s] -- Found rclcpp: 16.0.8 (/opt/ros/humble/share/rclcpp/cmake)
[1.216s] -- Found rmw_implementation_cmake: 6.1.1 (/opt/ros/humble/share/rmw_implementation_cmake/cmake)
[1.218s] -- Found rmw_fastrtps_cpp: 6.2.6 (/opt/ros/humble/share/rmw_fastrtps_cpp/cmake)
[1.337s] -- Found OpenSSL: /usr/lib/aarch64-linux-gnu/libcrypto.so (found version "3.0.2")  
[1.369s] -- Found FastRTPS: /opt/ros/humble/include  
[1.447s] -- Using RMW implementation 'rmw_fastrtps_cpp' as default
[1.456s] -- Looking for pthread.h
[1.546s] -- Looking for pthread.h - found
[1.547s] -- Performing Test CMAKE_HAVE_LIBC_PTHREAD
[1.642s] -- Performing Test CMAKE_HAVE_LIBC_PTHREAD - Success
[1.643s] -- Found Threads: TRUE  
[1.888s] -- Found ament_lint_auto: 0.12.10 (/opt/ros/humble/share/ament_lint_auto/cmake)
[2.103s] -- Added test 'copyright' to check source files copyright and LICENSE
[2.117s] -- Added test 'cppcheck' to perform static code analysis on C / C++ code
[2.117s] -- Configured cppcheck include dirs: 
[2.117s] -- Configured cppcheck exclude dirs and/or files: 
[2.118s] -- Added test 'cpplint' to check C / C++ code against the Google style
[2.118s] -- Configured cpplint exclude dirs and/or files: 
[2.119s] -- Added test 'lint_cmake' to check CMake code style
[2.120s] -- Added test 'uncrustify' to check C / C++ code style
[2.120s] -- Configured uncrustify additional arguments: 
[2.120s] -- Added test 'xmllint' to check XML markup files
[2.129s] -- Configuring done
[2.151s] -- Generating done
[2.162s] -- Build files have been written to: /home/houyepu/ros2_ws/build/examples_rclcpp_async_client
[2.193s] Invoked command in '/home/houyepu/ros2_ws/build/examples_rclcpp_async_client' returned '0': CMAKE_PREFIX_PATH=/opt/ros/humble /usr/bin/cmake /home/houyepu/ros2_ws/src/examples/rclcpp/services/async_client -DAMENT_CMAKE_SYMLINK_INSTALL=1 -DCMAKE_INSTALL_PREFIX=/home/houyepu/ros2_ws/install/examples_rclcpp_async_client
[2.194s] Invoking command in '/home/houyepu/ros2_ws/build/examples_rclcpp_async_client': CMAKE_PREFIX_PATH=/opt/ros/humble /usr/bin/cmake --build /home/houyepu/ros2_ws/build/examples_rclcpp_async_client -- -j4 -l4
[2.432s] [ 50%] [32mBuilding CXX object CMakeFiles/client_main.dir/main.cpp.o[0m
[52.411s] [100%] [32m[1mLinking CXX executable client_main[0m
[53.276s] [100%] Built target client_main
[53.659s] Invoked command in '/home/houyepu/ros2_ws/build/examples_rclcpp_async_client' returned '0': CMAKE_PREFIX_PATH=/opt/ros/humble /usr/bin/cmake --build /home/houyepu/ros2_ws/build/examples_rclcpp_async_client -- -j4 -l4
[53.927s] Invoking command in '/home/houyepu/ros2_ws/build/examples_rclcpp_async_client': CMAKE_PREFIX_PATH=/opt/ros/humble /usr/bin/cmake --install /home/houyepu/ros2_ws/build/examples_rclcpp_async_client
[53.944s] -- Install configuration: ""
[53.965s] -- Execute custom install script
[53.965s] -- Symlinking: /home/houyepu/ros2_ws/install/examples_rclcpp_async_client/lib/examples_rclcpp_async_client/client_main
[53.982s] -- Symlinking: /home/houyepu/ros2_ws/install/examples_rclcpp_async_client/share/ament_index/resource_index/package_run_dependencies/examples_rclcpp_async_client
[53.998s] -- Symlinking: /home/houyepu/ros2_ws/install/examples_rclcpp_async_client/share/ament_index/resource_index/parent_prefix_path/examples_rclcpp_async_client
[54.021s] -- Symlinking: /home/houyepu/ros2_ws/install/examples_rclcpp_async_client/share/examples_rclcpp_async_client/environment/ament_prefix_path.sh
[54.032s] -- Symlinking: /home/houyepu/ros2_ws/install/examples_rclcpp_async_client/share/examples_rclcpp_async_client/environment/ament_prefix_path.dsv
[54.043s] -- Symlinking: /home/houyepu/ros2_ws/install/examples_rclcpp_async_client/share/examples_rclcpp_async_client/environment/path.sh
[54.051s] -- Symlinking: /home/houyepu/ros2_ws/install/examples_rclcpp_async_client/share/examples_rclcpp_async_client/environment/path.dsv
[54.059s] -- Symlinking: /home/houyepu/ros2_ws/install/examples_rclcpp_async_client/share/examples_rclcpp_async_client/local_setup.bash
[54.068s] -- Symlinking: /home/houyepu/ros2_ws/install/examples_rclcpp_async_client/share/examples_rclcpp_async_client/local_setup.sh
[54.078s] -- Symlinking: /home/houyepu/ros2_ws/install/examples_rclcpp_async_client/share/examples_rclcpp_async_client/local_setup.zsh
[54.087s] -- Symlinking: /home/houyepu/ros2_ws/install/examples_rclcpp_async_client/share/examples_rclcpp_async_client/local_setup.dsv
[54.098s] -- Symlinking: /home/houyepu/ros2_ws/install/examples_rclcpp_async_client/share/examples_rclcpp_async_client/package.dsv
[54.118s] -- Symlinking: /home/houyepu/ros2_ws/install/examples_rclcpp_async_client/share/ament_index/resource_index/packages/examples_rclcpp_async_client
[54.127s] -- Symlinking: /home/houyepu/ros2_ws/install/examples_rclcpp_async_client/share/examples_rclcpp_async_client/cmake/examples_rclcpp_async_clientConfig.cmake
[54.140s] -- Symlinking: /home/houyepu/ros2_ws/install/examples_rclcpp_async_client/share/examples_rclcpp_async_client/cmake/examples_rclcpp_async_clientConfig-version.cmake
[54.160s] -- Symlinking: /home/houyepu/ros2_ws/install/examples_rclcpp_async_client/share/examples_rclcpp_async_client/package.xml
[54.183s] Invoked command in '/home/houyepu/ros2_ws/build/examples_rclcpp_async_client' returned '0': CMAKE_PREFIX_PATH=/opt/ros/humble /usr/bin/cmake --install /home/houyepu/ros2_ws/build/examples_rclcpp_async_client
