[0.049s] Invoking command in '/home/houyepu/ros2_ws/build/examples_rclcpp_minimal_composition': CMAKE_PREFIX_PATH=/opt/ros/humble /usr/bin/cmake /home/houyepu/ros2_ws/src/examples/rclcpp/composition/minimal_composition -DAMENT_CMAKE_SYMLINK_INSTALL=1 -DCMAKE_INSTALL_PREFIX=/home/houyepu/ros2_ws/install/examples_rclcpp_minimal_composition
[0.281s] -- The C compiler identification is GNU 11.4.0
[0.477s] -- The CXX compiler identification is GNU 11.4.0
[0.485s] -- Detecting C compiler ABI info
[0.658s] -- Detecting C compiler ABI info - done
[0.680s] -- Check for working C compiler: /usr/bin/cc - skipped
[0.681s] -- Detecting C compile features
[0.682s] -- Detecting C compile features - done
[0.705s] -- Detecting CXX compiler ABI info
[0.894s] -- Detecting CXX compiler ABI info - done
[0.913s] -- Check for working CXX compiler: /usr/bin/c++ - skipped
[0.916s] -- Detecting CXX compile features
[0.920s] -- Detecting CXX compile features - done
[0.930s] -- Found ament_cmake: 1.3.8 (/opt/ros/humble/share/ament_cmake/cmake)
[1.366s] -- Found Python3: /usr/bin/python3 (found version "3.10.12") found components: Interpreter 
[1.566s] -- Override CMake install command with custom implementation using symlinks instead of copying resources
[1.663s] -- Found rclcpp: 16.0.8 (/opt/ros/humble/share/rclcpp/cmake)
[1.817s] -- Found rosidl_generator_c: 3.1.5 (/opt/ros/humble/share/rosidl_generator_c/cmake)
[1.845s] -- Found rosidl_adapter: 3.1.5 (/opt/ros/humble/share/rosidl_adapter/cmake)
[1.870s] -- Found rosidl_generator_cpp: 3.1.5 (/opt/ros/humble/share/rosidl_generator_cpp/cmake)
[1.913s] -- Using all available rosidl_typesupport_c: rosidl_typesupport_fastrtps_c;rosidl_typesupport_introspection_c
[1.986s] -- Using all available rosidl_typesupport_cpp: rosidl_typesupport_fastrtps_cpp;rosidl_typesupport_introspection_cpp
[2.299s] -- Found rmw_implementation_cmake: 6.1.1 (/opt/ros/humble/share/rmw_implementation_cmake/cmake)
[2.309s] -- Found rmw_fastrtps_cpp: 6.2.6 (/opt/ros/humble/share/rmw_fastrtps_cpp/cmake)
[2.635s] -- Found OpenSSL: /usr/lib/aarch64-linux-gnu/libcrypto.so (found version "3.0.2")  
[2.724s] -- Found FastRTPS: /opt/ros/humble/include  
[2.827s] -- Using RMW implementation 'rmw_fastrtps_cpp' as default
[2.865s] -- Looking for pthread.h
[2.986s] -- Looking for pthread.h - found
[2.987s] -- Performing Test CMAKE_HAVE_LIBC_PTHREAD
[3.109s] -- Performing Test CMAKE_HAVE_LIBC_PTHREAD - Success
[3.111s] -- Found Threads: TRUE  
[3.730s] -- Found rclcpp_components: 16.0.8 (/opt/ros/humble/share/rclcpp_components/cmake)
[4.038s] -- Found ament_lint_auto: 0.12.10 (/opt/ros/humble/share/ament_lint_auto/cmake)
[4.225s] -- Added test 'copyright' to check source files copyright and LICENSE
[4.231s] -- Added test 'cppcheck' to perform static code analysis on C / C++ code
[4.231s] -- Configured cppcheck include dirs: /home/houyepu/ros2_ws/src/examples/rclcpp/composition/minimal_composition/include
[4.231s] -- Configured cppcheck exclude dirs and/or files: 
[4.233s] -- Added test 'cpplint' to check C / C++ code against the Google style
[4.233s] -- Configured cpplint exclude dirs and/or files: 
[4.234s] -- Added test 'lint_cmake' to check CMake code style
[4.235s] -- Added test 'uncrustify' to check C / C++ code style
[4.247s] -- Configured uncrustify additional arguments: 
[4.250s] -- Added test 'xmllint' to check XML markup files
[4.252s] -- Configuring done
[4.308s] -- Generating done
[4.311s] -- Build files have been written to: /home/houyepu/ros2_ws/build/examples_rclcpp_minimal_composition
[4.338s] Invoked command in '/home/houyepu/ros2_ws/build/examples_rclcpp_minimal_composition' returned '0': CMAKE_PREFIX_PATH=/opt/ros/humble /usr/bin/cmake /home/houyepu/ros2_ws/src/examples/rclcpp/composition/minimal_composition -DAMENT_CMAKE_SYMLINK_INSTALL=1 -DCMAKE_INSTALL_PREFIX=/home/houyepu/ros2_ws/install/examples_rclcpp_minimal_composition
[4.353s] Invoking command in '/home/houyepu/ros2_ws/build/examples_rclcpp_minimal_composition': CMAKE_PREFIX_PATH=/opt/ros/humble /usr/bin/cmake --build /home/houyepu/ros2_ws/build/examples_rclcpp_minimal_composition -- -j4 -l4
[4.548s] [ 11%] [32mBuilding CXX object CMakeFiles/composition_nodes.dir/src/publisher_node.cpp.o[0m
[14.609s] [ 22%] [32mBuilding CXX object CMakeFiles/composition_nodes.dir/src/subscriber_node.cpp.o[0m
[27.624s] [ 33%] [32m[1mLinking CXX shared library libcomposition_nodes.so[0m
[28.374s] [ 33%] Built target composition_nodes
[28.393s] [ 44%] [32mBuilding CXX object CMakeFiles/composition_publisher.dir/src/standalone_publisher.cpp.o[0m
[32.207s] [ 55%] [32m[1mLinking CXX executable composition_publisher[0m
[32.439s] [ 55%] Built target composition_publisher
[32.461s] [ 66%] [32mBuilding CXX object CMakeFiles/composition_composed.dir/src/composed.cpp.o[0m
[35.907s] [ 77%] [32m[1mLinking CXX executable composition_composed[0m
[36.134s] [ 77%] Built target composition_composed
[36.157s] [ 88%] [32mBuilding CXX object CMakeFiles/composition_subscriber.dir/src/standalone_subscriber.cpp.o[0m
[39.629s] [100%] [32m[1mLinking CXX executable composition_subscriber[0m
[39.855s] [100%] Built target composition_subscriber
[39.867s] Invoked command in '/home/houyepu/ros2_ws/build/examples_rclcpp_minimal_composition' returned '0': CMAKE_PREFIX_PATH=/opt/ros/humble /usr/bin/cmake --build /home/houyepu/ros2_ws/build/examples_rclcpp_minimal_composition -- -j4 -l4
[39.909s] Invoking command in '/home/houyepu/ros2_ws/build/examples_rclcpp_minimal_composition': CMAKE_PREFIX_PATH=/opt/ros/humble /usr/bin/cmake --install /home/houyepu/ros2_ws/build/examples_rclcpp_minimal_composition
[39.916s] -- Install configuration: ""
[39.917s] -- Execute custom install script
[39.917s] -- Symlinking: /home/houyepu/ros2_ws/install/examples_rclcpp_minimal_composition/share/examples_rclcpp_minimal_composition/environment/library_path.sh
[39.927s] -- Symlinking: /home/houyepu/ros2_ws/install/examples_rclcpp_minimal_composition/share/examples_rclcpp_minimal_composition/environment/library_path.dsv
[39.935s] -- Symlinking: /home/houyepu/ros2_ws/install/examples_rclcpp_minimal_composition/lib/libcomposition_nodes.so
[39.943s] -- Symlinking: /home/houyepu/ros2_ws/install/examples_rclcpp_minimal_composition/lib/examples_rclcpp_minimal_composition/composition_publisher
[39.951s] -- Symlinking: /home/houyepu/ros2_ws/install/examples_rclcpp_minimal_composition/lib/examples_rclcpp_minimal_composition/composition_subscriber
[39.959s] -- Symlinking: /home/houyepu/ros2_ws/install/examples_rclcpp_minimal_composition/lib/examples_rclcpp_minimal_composition/composition_composed
[39.968s] -- Symlinking: /home/houyepu/ros2_ws/install/examples_rclcpp_minimal_composition/share/ament_index/resource_index/package_run_dependencies/examples_rclcpp_minimal_composition
[39.976s] -- Symlinking: /home/houyepu/ros2_ws/install/examples_rclcpp_minimal_composition/share/ament_index/resource_index/parent_prefix_path/examples_rclcpp_minimal_composition
[39.987s] -- Symlinking: /home/houyepu/ros2_ws/install/examples_rclcpp_minimal_composition/share/examples_rclcpp_minimal_composition/environment/ament_prefix_path.sh
[39.995s] -- Symlinking: /home/houyepu/ros2_ws/install/examples_rclcpp_minimal_composition/share/examples_rclcpp_minimal_composition/environment/ament_prefix_path.dsv
[40.003s] -- Symlinking: /home/houyepu/ros2_ws/install/examples_rclcpp_minimal_composition/share/examples_rclcpp_minimal_composition/environment/path.sh
[40.014s] -- Symlinking: /home/houyepu/ros2_ws/install/examples_rclcpp_minimal_composition/share/examples_rclcpp_minimal_composition/environment/path.dsv
[40.024s] -- Symlinking: /home/houyepu/ros2_ws/install/examples_rclcpp_minimal_composition/share/examples_rclcpp_minimal_composition/local_setup.bash
[40.032s] -- Symlinking: /home/houyepu/ros2_ws/install/examples_rclcpp_minimal_composition/share/examples_rclcpp_minimal_composition/local_setup.sh
[40.040s] -- Symlinking: /home/houyepu/ros2_ws/install/examples_rclcpp_minimal_composition/share/examples_rclcpp_minimal_composition/local_setup.zsh
[40.048s] -- Symlinking: /home/houyepu/ros2_ws/install/examples_rclcpp_minimal_composition/share/examples_rclcpp_minimal_composition/local_setup.dsv
[40.056s] -- Symlinking: /home/houyepu/ros2_ws/install/examples_rclcpp_minimal_composition/share/examples_rclcpp_minimal_composition/package.dsv
[40.065s] -- Symlinking: /home/houyepu/ros2_ws/install/examples_rclcpp_minimal_composition/share/ament_index/resource_index/packages/examples_rclcpp_minimal_composition
[40.073s] -- Symlinking: /home/houyepu/ros2_ws/install/examples_rclcpp_minimal_composition/share/examples_rclcpp_minimal_composition/cmake/examples_rclcpp_minimal_compositionConfig.cmake
[40.083s] -- Symlinking: /home/houyepu/ros2_ws/install/examples_rclcpp_minimal_composition/share/examples_rclcpp_minimal_composition/cmake/examples_rclcpp_minimal_compositionConfig-version.cmake
[40.092s] -- Symlinking: /home/houyepu/ros2_ws/install/examples_rclcpp_minimal_composition/share/examples_rclcpp_minimal_composition/package.xml
[40.105s] Invoked command in '/home/houyepu/ros2_ws/build/examples_rclcpp_minimal_composition' returned '0': CMAKE_PREFIX_PATH=/opt/ros/humble /usr/bin/cmake --install /home/houyepu/ros2_ws/build/examples_rclcpp_minimal_composition
