[0.898s] Invoking command in '/home/houyepu/ros2_ws/build/examples_rclpy_minimal_service': PYTHONPATH=/home/houyepu/ros2_ws/build/examples_rclpy_minimal_service/prefix_override:/home/houyepu/ros2_ws/install/examples_rclpy_minimal_service/lib/python3.10/site-packages:${PYTHONPATH} /usr/bin/python3 -W ignore:setup.py install is deprecated setup.py develop --editable --build-directory /home/houyepu/ros2_ws/build/examples_rclpy_minimal_service/build --no-deps symlink_data
[1.285s] running develop
[1.286s] /usr/lib/python3/dist-packages/setuptools/command/easy_install.py:158: EasyInstallDeprecationWarning: easy_install command is deprecated. Use build and pip and other standards-based tools.
[1.286s]   warnings.warn(
[1.505s] running egg_info
[1.505s] creating examples_rclpy_minimal_service.egg-info
[1.505s] writing examples_rclpy_minimal_service.egg-info/PKG-INFO
[1.505s] writing dependency_links to examples_rclpy_minimal_service.egg-info/dependency_links.txt
[1.505s] writing entry points to examples_rclpy_minimal_service.egg-info/entry_points.txt
[1.506s] writing requirements to examples_rclpy_minimal_service.egg-info/requires.txt
[1.506s] writing top-level names to examples_rclpy_minimal_service.egg-info/top_level.txt
[1.506s] writing manifest file 'examples_rclpy_minimal_service.egg-info/SOURCES.txt'
[1.509s] reading manifest file 'examples_rclpy_minimal_service.egg-info/SOURCES.txt'
[1.509s] writing manifest file 'examples_rclpy_minimal_service.egg-info/SOURCES.txt'
[1.511s] running build_ext
[1.511s] Creating /home/houyepu/ros2_ws/install/examples_rclpy_minimal_service/lib/python3.10/site-packages/examples-rclpy-minimal-service.egg-link (link to .)
[1.513s] Installing service script to /home/houyepu/ros2_ws/install/examples_rclpy_minimal_service/lib/examples_rclpy_minimal_service
[1.513s] Installing service_member_function script to /home/houyepu/ros2_ws/install/examples_rclpy_minimal_service/lib/examples_rclpy_minimal_service
[1.513s] 
[1.513s] Installed /home/houyepu/ros2_ws/build/examples_rclpy_minimal_service
[1.513s] running symlink_data
[1.513s] creating /home/houyepu/ros2_ws/install/examples_rclpy_minimal_service/share/ament_index
[1.514s] creating /home/houyepu/ros2_ws/install/examples_rclpy_minimal_service/share/ament_index/resource_index
[1.514s] creating /home/houyepu/ros2_ws/install/examples_rclpy_minimal_service/share/ament_index/resource_index/packages
[1.514s] symbolically linking /home/houyepu/ros2_ws/build/examples_rclpy_minimal_service/resource/examples_rclpy_minimal_service -> /home/houyepu/ros2_ws/install/examples_rclpy_minimal_service/share/ament_index/resource_index/packages
[1.514s] symbolically linking /home/houyepu/ros2_ws/build/examples_rclpy_minimal_service/package.xml -> /home/houyepu/ros2_ws/install/examples_rclpy_minimal_service/share/examples_rclpy_minimal_service
[1.565s] Invoked command in '/home/houyepu/ros2_ws/build/examples_rclpy_minimal_service' returned '0': PYTHONPATH=/home/houyepu/ros2_ws/build/examples_rclpy_minimal_service/prefix_override:/home/houyepu/ros2_ws/install/examples_rclpy_minimal_service/lib/python3.10/site-packages:${PYTHONPATH} /usr/bin/python3 -W ignore:setup.py install is deprecated setup.py develop --editable --build-directory /home/houyepu/ros2_ws/build/examples_rclpy_minimal_service/build --no-deps symlink_data
