[0.892s] Invoking command in '/home/houyepu/ros2_ws/build/examples_rclpy_guard_conditions': PYTHONPATH=/home/houyepu/ros2_ws/build/examples_rclpy_guard_conditions/prefix_override:/home/houyepu/ros2_ws/install/examples_rclpy_guard_conditions/lib/python3.10/site-packages:${PYTHONPATH} /usr/bin/python3 -W ignore:setup.py install is deprecated setup.py develop --editable --build-directory /home/houyepu/ros2_ws/build/examples_rclpy_guard_conditions/build --no-deps symlink_data
[1.244s] running develop
[1.245s] /usr/lib/python3/dist-packages/setuptools/command/easy_install.py:158: EasyInstallDeprecationWarning: easy_install command is deprecated. Use build and pip and other standards-based tools.
[1.245s]   warnings.warn(
[1.472s] running egg_info
[1.473s] creating examples_rclpy_guard_conditions.egg-info
[1.473s] writing examples_rclpy_guard_conditions.egg-info/PKG-INFO
[1.474s] writing dependency_links to examples_rclpy_guard_conditions.egg-info/dependency_links.txt
[1.474s] writing entry points to examples_rclpy_guard_conditions.egg-info/entry_points.txt
[1.474s] writing requirements to examples_rclpy_guard_conditions.egg-info/requires.txt
[1.474s] writing top-level names to examples_rclpy_guard_conditions.egg-info/top_level.txt
[1.475s] writing manifest file 'examples_rclpy_guard_conditions.egg-info/SOURCES.txt'
[1.478s] reading manifest file 'examples_rclpy_guard_conditions.egg-info/SOURCES.txt'
[1.479s] writing manifest file 'examples_rclpy_guard_conditions.egg-info/SOURCES.txt'
[1.480s] running build_ext
[1.481s] Creating /home/houyepu/ros2_ws/install/examples_rclpy_guard_conditions/lib/python3.10/site-packages/examples-rclpy-guard-conditions.egg-link (link to .)
[1.482s] Installing trigger_guard_condition script to /home/houyepu/ros2_ws/install/examples_rclpy_guard_conditions/lib/examples_rclpy_guard_conditions
[1.482s] 
[1.482s] Installed /home/houyepu/ros2_ws/build/examples_rclpy_guard_conditions
[1.483s] running symlink_data
[1.483s] creating /home/houyepu/ros2_ws/install/examples_rclpy_guard_conditions/share/ament_index
[1.483s] creating /home/houyepu/ros2_ws/install/examples_rclpy_guard_conditions/share/ament_index/resource_index
[1.483s] creating /home/houyepu/ros2_ws/install/examples_rclpy_guard_conditions/share/ament_index/resource_index/packages
[1.484s] symbolically linking /home/houyepu/ros2_ws/build/examples_rclpy_guard_conditions/resource/examples_rclpy_guard_conditions -> /home/houyepu/ros2_ws/install/examples_rclpy_guard_conditions/share/ament_index/resource_index/packages
[1.484s] symbolically linking /home/houyepu/ros2_ws/build/examples_rclpy_guard_conditions/package.xml -> /home/houyepu/ros2_ws/install/examples_rclpy_guard_conditions/share/examples_rclpy_guard_conditions
[1.525s] Invoked command in '/home/houyepu/ros2_ws/build/examples_rclpy_guard_conditions' returned '0': PYTHONPATH=/home/houyepu/ros2_ws/build/examples_rclpy_guard_conditions/prefix_override:/home/houyepu/ros2_ws/install/examples_rclpy_guard_conditions/lib/python3.10/site-packages:${PYTHONPATH} /usr/bin/python3 -W ignore:setup.py install is deprecated setup.py develop --editable --build-directory /home/houyepu/ros2_ws/build/examples_rclpy_guard_conditions/build --no-deps symlink_data
