[0.009s] Invoking command in '/home/houyepu/ros2_ws/build/my_node': CMAKE_PREFIX_PATH=${CMAKE_PREFIX_PATH}:/home/houyepu/ros2_ws/install/launch_testing_examples:/home/houyepu/ros2_ws/install/examples_rclpy_pointcloud_publisher:/home/houyepu/ros2_ws/install/examples_rclpy_minimal_subscriber:/home/houyepu/ros2_ws/install/examples_rclpy_minimal_service:/home/houyepu/ros2_ws/install/examples_rclpy_minimal_publisher:/home/houyepu/ros2_ws/install/examples_rclpy_minimal_client:/home/houyepu/ros2_ws/install/examples_rclpy_minimal_action_server:/home/houyepu/ros2_ws/install/examples_rclpy_minimal_action_client:/home/houyepu/ros2_ws/install/examples_rclpy_guard_conditions:/home/houyepu/ros2_ws/install/examples_rclpy_executors:/opt/ros/humble /usr/bin/cmake /home/houyepu/ros2_ws/src/my_node -DCMAKE_INSTALL_PREFIX=/home/houyepu/ros2_ws/install/my_node
[0.109s] -- The C compiler identification is GNU 11.4.0
[0.189s] -- The CXX compiler identification is GNU 11.4.0
[0.196s] -- Detecting C compiler ABI info
[0.259s] -- Detecting C compiler ABI info - done
[0.267s] -- Check for working C compiler: /usr/bin/cc - skipped
[0.267s] -- Detecting C compile features
[0.267s] -- Detecting C compile features - done
[0.270s] -- Detecting CXX compiler ABI info
[0.340s] -- Detecting CXX compiler ABI info - done
[0.348s] -- Check for working CXX compiler: /usr/bin/c++ - skipped
[0.349s] -- Detecting CXX compile features
[0.349s] -- Detecting CXX compile features - done
[0.354s] -- Found ament_cmake: 1.3.8 (/opt/ros/humble/share/ament_cmake/cmake)
[0.503s] -- Found Python3: /usr/bin/python3 (found version "3.10.12") found components: Interpreter 
[0.617s] -- Found ament_lint_auto: 0.12.10 (/opt/ros/humble/share/ament_lint_auto/cmake)
[0.702s] -- Added test 'cppcheck' to perform static code analysis on C / C++ code
[0.703s] -- Configured cppcheck include dirs: $<BUILD_INTERFACE:/home/houyepu/ros2_ws/src/my_node/include>
[0.703s] -- Configured cppcheck exclude dirs and/or files: 
[0.704s] -- Added test 'lint_cmake' to check CMake code style
[0.705s] -- Added test 'uncrustify' to check C / C++ code style
[0.705s] -- Configured uncrustify additional arguments: 
[0.706s] -- Added test 'xmllint' to check XML markup files
[0.708s] -- Configuring done
[0.712s] -- Generating done
[0.713s] -- Build files have been written to: /home/houyepu/ros2_ws/build/my_node
[0.717s] Invoked command in '/home/houyepu/ros2_ws/build/my_node' returned '0': CMAKE_PREFIX_PATH=${CMAKE_PREFIX_PATH}:/home/houyepu/ros2_ws/install/launch_testing_examples:/home/houyepu/ros2_ws/install/examples_rclpy_pointcloud_publisher:/home/houyepu/ros2_ws/install/examples_rclpy_minimal_subscriber:/home/houyepu/ros2_ws/install/examples_rclpy_minimal_service:/home/houyepu/ros2_ws/install/examples_rclpy_minimal_publisher:/home/houyepu/ros2_ws/install/examples_rclpy_minimal_client:/home/houyepu/ros2_ws/install/examples_rclpy_minimal_action_server:/home/houyepu/ros2_ws/install/examples_rclpy_minimal_action_client:/home/houyepu/ros2_ws/install/examples_rclpy_guard_conditions:/home/houyepu/ros2_ws/install/examples_rclpy_executors:/opt/ros/humble /usr/bin/cmake /home/houyepu/ros2_ws/src/my_node -DCMAKE_INSTALL_PREFIX=/home/houyepu/ros2_ws/install/my_node
[0.719s] Invoking command in '/home/houyepu/ros2_ws/build/my_node': CMAKE_PREFIX_PATH=${CMAKE_PREFIX_PATH}:/home/houyepu/ros2_ws/install/launch_testing_examples:/home/houyepu/ros2_ws/install/examples_rclpy_pointcloud_publisher:/home/houyepu/ros2_ws/install/examples_rclpy_minimal_subscriber:/home/houyepu/ros2_ws/install/examples_rclpy_minimal_service:/home/houyepu/ros2_ws/install/examples_rclpy_minimal_publisher:/home/houyepu/ros2_ws/install/examples_rclpy_minimal_client:/home/houyepu/ros2_ws/install/examples_rclpy_minimal_action_server:/home/houyepu/ros2_ws/install/examples_rclpy_minimal_action_client:/home/houyepu/ros2_ws/install/examples_rclpy_guard_conditions:/home/houyepu/ros2_ws/install/examples_rclpy_executors:/opt/ros/humble /usr/bin/cmake --build /home/houyepu/ros2_ws/build/my_node -- -j4 -l4
[0.752s] [ 50%] [32mBuilding CXX object CMakeFiles/my_node.dir/src/my_node.cpp.o[0m
[0.783s] [100%] [32m[1mLinking CXX executable my_node[0m
[0.819s] [100%] Built target my_node
[0.827s] Invoked command in '/home/houyepu/ros2_ws/build/my_node' returned '0': CMAKE_PREFIX_PATH=${CMAKE_PREFIX_PATH}:/home/houyepu/ros2_ws/install/launch_testing_examples:/home/houyepu/ros2_ws/install/examples_rclpy_pointcloud_publisher:/home/houyepu/ros2_ws/install/examples_rclpy_minimal_subscriber:/home/houyepu/ros2_ws/install/examples_rclpy_minimal_service:/home/houyepu/ros2_ws/install/examples_rclpy_minimal_publisher:/home/houyepu/ros2_ws/install/examples_rclpy_minimal_client:/home/houyepu/ros2_ws/install/examples_rclpy_minimal_action_server:/home/houyepu/ros2_ws/install/examples_rclpy_minimal_action_client:/home/houyepu/ros2_ws/install/examples_rclpy_guard_conditions:/home/houyepu/ros2_ws/install/examples_rclpy_executors:/opt/ros/humble /usr/bin/cmake --build /home/houyepu/ros2_ws/build/my_node -- -j4 -l4
[0.853s] Invoking command in '/home/houyepu/ros2_ws/build/my_node': CMAKE_PREFIX_PATH=${CMAKE_PREFIX_PATH}:/home/houyepu/ros2_ws/install/launch_testing_examples:/home/houyepu/ros2_ws/install/examples_rclpy_pointcloud_publisher:/home/houyepu/ros2_ws/install/examples_rclpy_minimal_subscriber:/home/houyepu/ros2_ws/install/examples_rclpy_minimal_service:/home/houyepu/ros2_ws/install/examples_rclpy_minimal_publisher:/home/houyepu/ros2_ws/install/examples_rclpy_minimal_client:/home/houyepu/ros2_ws/install/examples_rclpy_minimal_action_server:/home/houyepu/ros2_ws/install/examples_rclpy_minimal_action_client:/home/houyepu/ros2_ws/install/examples_rclpy_guard_conditions:/home/houyepu/ros2_ws/install/examples_rclpy_executors:/opt/ros/humble /usr/bin/cmake --install /home/houyepu/ros2_ws/build/my_node
[0.858s] -- Install configuration: ""
[0.858s] -- Installing: /home/houyepu/ros2_ws/install/my_node/lib/my_node/my_node
[0.859s] -- Installing: /home/houyepu/ros2_ws/install/my_node/share/ament_index/resource_index/package_run_dependencies/my_node
[0.859s] -- Installing: /home/houyepu/ros2_ws/install/my_node/share/ament_index/resource_index/parent_prefix_path/my_node
[0.859s] -- Installing: /home/houyepu/ros2_ws/install/my_node/share/my_node/environment/ament_prefix_path.sh
[0.859s] -- Installing: /home/houyepu/ros2_ws/install/my_node/share/my_node/environment/ament_prefix_path.dsv
[0.859s] -- Installing: /home/houyepu/ros2_ws/install/my_node/share/my_node/environment/path.sh
[0.859s] -- Installing: /home/houyepu/ros2_ws/install/my_node/share/my_node/environment/path.dsv
[0.859s] -- Installing: /home/houyepu/ros2_ws/install/my_node/share/my_node/local_setup.bash
[0.859s] -- Installing: /home/houyepu/ros2_ws/install/my_node/share/my_node/local_setup.sh
[0.860s] -- Installing: /home/houyepu/ros2_ws/install/my_node/share/my_node/local_setup.zsh
[0.861s] -- Installing: /home/houyepu/ros2_ws/install/my_node/share/my_node/local_setup.dsv
[0.861s] -- Installing: /home/houyepu/ros2_ws/install/my_node/share/my_node/package.dsv
[0.861s] -- Installing: /home/houyepu/ros2_ws/install/my_node/share/ament_index/resource_index/packages/my_node
[0.861s] -- Installing: /home/houyepu/ros2_ws/install/my_node/share/my_node/cmake/my_nodeConfig.cmake
[0.861s] -- Installing: /home/houyepu/ros2_ws/install/my_node/share/my_node/cmake/my_nodeConfig-version.cmake
[0.861s] -- Installing: /home/houyepu/ros2_ws/install/my_node/share/my_node/package.xml
[0.862s] Invoked command in '/home/houyepu/ros2_ws/build/my_node' returned '0': CMAKE_PREFIX_PATH=${CMAKE_PREFIX_PATH}:/home/houyepu/ros2_ws/install/launch_testing_examples:/home/houyepu/ros2_ws/install/examples_rclpy_pointcloud_publisher:/home/houyepu/ros2_ws/install/examples_rclpy_minimal_subscriber:/home/houyepu/ros2_ws/install/examples_rclpy_minimal_service:/home/houyepu/ros2_ws/install/examples_rclpy_minimal_publisher:/home/houyepu/ros2_ws/install/examples_rclpy_minimal_client:/home/houyepu/ros2_ws/install/examples_rclpy_minimal_action_server:/home/houyepu/ros2_ws/install/examples_rclpy_minimal_action_client:/home/houyepu/ros2_ws/install/examples_rclpy_guard_conditions:/home/houyepu/ros2_ws/install/examples_rclpy_executors:/opt/ros/humble /usr/bin/cmake --install /home/houyepu/ros2_ws/build/my_node
