[0.021s] Invoking command in '/home/houyepu/ros2_ws/build/examples_rclcpp_minimal_service': CMAKE_PREFIX_PATH=/opt/ros/humble /usr/bin/cmake /home/houyepu/ros2_ws/src/examples/rclcpp/services/minimal_service -DCMAKE_INSTALL_PREFIX=/home/houyepu/ros2_ws/install/examples_rclcpp_minimal_service
[0.034s] -- Found ament_cmake: 1.3.8 (/opt/ros/humble/share/ament_cmake/cmake)
[0.217s] -- Override CMake install command with custom implementation using symlinks instead of copying resources
[0.223s] -- Found example_interfaces: 0.9.3 (/opt/ros/humble/share/example_interfaces/cmake)
[0.268s] -- Found rosidl_generator_c: 3.1.5 (/opt/ros/humble/share/rosidl_generator_c/cmake)
[0.273s] -- Found rosidl_adapter: 3.1.5 (/opt/ros/humble/share/rosidl_adapter/cmake)
[0.282s] -- Found rosidl_generator_cpp: 3.1.5 (/opt/ros/humble/share/rosidl_generator_cpp/cmake)
[0.301s] -- Using all available rosidl_typesupport_c: rosidl_typesupport_fastrtps_c;rosidl_typesupport_introspection_c
[0.324s] -- Using all available rosidl_typesupport_cpp: rosidl_typesupport_fastrtps_cpp;rosidl_typesupport_introspection_cpp
[0.567s] -- Found rclcpp: 16.0.8 (/opt/ros/humble/share/rclcpp/cmake)
[0.639s] -- Found rmw_implementation_cmake: 6.1.1 (/opt/ros/humble/share/rmw_implementation_cmake/cmake)
[0.641s] -- Found rmw_fastrtps_cpp: 6.2.6 (/opt/ros/humble/share/rmw_fastrtps_cpp/cmake)
[0.788s] -- Using RMW implementation 'rmw_fastrtps_cpp' as default
[1.014s] -- Found ament_lint_auto: 0.12.10 (/opt/ros/humble/share/ament_lint_auto/cmake)
[1.084s] -- Added test 'copyright' to check source files copyright and LICENSE
[1.084s] -- Added test 'cppcheck' to perform static code analysis on C / C++ code
[1.085s] -- Configured cppcheck include dirs: 
[1.085s] -- Configured cppcheck exclude dirs and/or files: 
[1.085s] -- Added test 'cpplint' to check C / C++ code against the Google style
[1.085s] -- Configured cpplint exclude dirs and/or files: 
[1.086s] -- Added test 'lint_cmake' to check CMake code style
[1.086s] -- Added test 'uncrustify' to check C / C++ code style
[1.086s] -- Configured uncrustify additional arguments: 
[1.087s] -- Added test 'xmllint' to check XML markup files
[1.088s] -- Configuring done
[1.100s] -- Generating done
[1.102s] -- Build files have been written to: /home/houyepu/ros2_ws/build/examples_rclcpp_minimal_service
[1.109s] Invoked command in '/home/houyepu/ros2_ws/build/examples_rclcpp_minimal_service' returned '0': CMAKE_PREFIX_PATH=/opt/ros/humble /usr/bin/cmake /home/houyepu/ros2_ws/src/examples/rclcpp/services/minimal_service -DCMAKE_INSTALL_PREFIX=/home/houyepu/ros2_ws/install/examples_rclcpp_minimal_service
[1.111s] Invoking command in '/home/houyepu/ros2_ws/build/examples_rclcpp_minimal_service': CMAKE_PREFIX_PATH=/opt/ros/humble /usr/bin/cmake --build /home/houyepu/ros2_ws/build/examples_rclcpp_minimal_service -- -j4 -l4
[1.146s] [35m[1mConsolidate compiler generated dependencies of target service_main[0m
[1.161s] [100%] Built target service_main
[1.170s] Invoked command in '/home/houyepu/ros2_ws/build/examples_rclcpp_minimal_service' returned '0': CMAKE_PREFIX_PATH=/opt/ros/humble /usr/bin/cmake --build /home/houyepu/ros2_ws/build/examples_rclcpp_minimal_service -- -j4 -l4
[1.193s] Invoking command in '/home/houyepu/ros2_ws/build/examples_rclcpp_minimal_service': CMAKE_PREFIX_PATH=/opt/ros/humble /usr/bin/cmake --install /home/houyepu/ros2_ws/build/examples_rclcpp_minimal_service
[1.203s] -- Install configuration: ""
[1.203s] -- Execute custom install script
[1.203s] -- Up-to-date symlink: /home/houyepu/ros2_ws/install/examples_rclcpp_minimal_service/lib/examples_rclcpp_minimal_service/service_main
[1.203s] -- Up-to-date symlink: /home/houyepu/ros2_ws/install/examples_rclcpp_minimal_service/share/ament_index/resource_index/package_run_dependencies/examples_rclcpp_minimal_service
[1.203s] -- Up-to-date symlink: /home/houyepu/ros2_ws/install/examples_rclcpp_minimal_service/share/ament_index/resource_index/parent_prefix_path/examples_rclcpp_minimal_service
[1.204s] -- Up-to-date symlink: /home/houyepu/ros2_ws/install/examples_rclcpp_minimal_service/share/examples_rclcpp_minimal_service/environment/ament_prefix_path.sh
[1.204s] -- Up-to-date symlink: /home/houyepu/ros2_ws/install/examples_rclcpp_minimal_service/share/examples_rclcpp_minimal_service/environment/ament_prefix_path.dsv
[1.204s] -- Up-to-date symlink: /home/houyepu/ros2_ws/install/examples_rclcpp_minimal_service/share/examples_rclcpp_minimal_service/environment/path.sh
[1.204s] -- Up-to-date symlink: /home/houyepu/ros2_ws/install/examples_rclcpp_minimal_service/share/examples_rclcpp_minimal_service/environment/path.dsv
[1.204s] -- Up-to-date symlink: /home/houyepu/ros2_ws/install/examples_rclcpp_minimal_service/share/examples_rclcpp_minimal_service/local_setup.bash
[1.204s] -- Up-to-date symlink: /home/houyepu/ros2_ws/install/examples_rclcpp_minimal_service/share/examples_rclcpp_minimal_service/local_setup.sh
[1.204s] -- Up-to-date symlink: /home/houyepu/ros2_ws/install/examples_rclcpp_minimal_service/share/examples_rclcpp_minimal_service/local_setup.zsh
[1.204s] -- Up-to-date symlink: /home/houyepu/ros2_ws/install/examples_rclcpp_minimal_service/share/examples_rclcpp_minimal_service/local_setup.dsv
[1.204s] -- Symlinking: /home/houyepu/ros2_ws/install/examples_rclcpp_minimal_service/share/examples_rclcpp_minimal_service/package.dsv
[1.211s] -- Up-to-date symlink: /home/houyepu/ros2_ws/install/examples_rclcpp_minimal_service/share/ament_index/resource_index/packages/examples_rclcpp_minimal_service
[1.211s] -- Up-to-date symlink: /home/houyepu/ros2_ws/install/examples_rclcpp_minimal_service/share/examples_rclcpp_minimal_service/cmake/examples_rclcpp_minimal_serviceConfig.cmake
[1.211s] -- Up-to-date symlink: /home/houyepu/ros2_ws/install/examples_rclcpp_minimal_service/share/examples_rclcpp_minimal_service/cmake/examples_rclcpp_minimal_serviceConfig-version.cmake
[1.211s] -- Up-to-date symlink: /home/houyepu/ros2_ws/install/examples_rclcpp_minimal_service/share/examples_rclcpp_minimal_service/package.xml
[1.215s] Invoked command in '/home/houyepu/ros2_ws/build/examples_rclcpp_minimal_service' returned '0': CMAKE_PREFIX_PATH=/opt/ros/humble /usr/bin/cmake --install /home/houyepu/ros2_ws/build/examples_rclcpp_minimal_service
