[0.642s] Invoking command in '/home/houyepu/ros2_ws/build/examples_rclpy_minimal_service': PYTHONPATH=/home/houyepu/ros2_ws/build/examples_rclpy_minimal_service/prefix_override:/home/houyepu/ros2_ws/install/examples_rclpy_minimal_service/lib/python3.10/site-packages:${PYTHONPATH} /usr/bin/python3 -W ignore:setup.py install is deprecated setup.py develop --uninstall --editable --build-directory /home/houyepu/ros2_ws/build/examples_rclpy_minimal_service/build
[0.965s] running develop
[0.965s] /usr/lib/python3/dist-packages/setuptools/command/easy_install.py:158: EasyInstallDeprecationWarning: easy_install command is deprecated. Use build and pip and other standards-based tools.
[0.965s]   warnings.warn(
[1.111s] Removing /home/houyepu/ros2_ws/install/examples_rclpy_minimal_service/lib/python3.10/site-packages/examples-rclpy-minimal-service.egg-link (link to .)
[1.137s] Invoked command in '/home/houyepu/ros2_ws/build/examples_rclpy_minimal_service' returned '0': PYTHONPATH=/home/houyepu/ros2_ws/build/examples_rclpy_minimal_service/prefix_override:/home/houyepu/ros2_ws/install/examples_rclpy_minimal_service/lib/python3.10/site-packages:${PYTHONPATH} /usr/bin/python3 -W ignore:setup.py install is deprecated setup.py develop --uninstall --editable --build-directory /home/houyepu/ros2_ws/build/examples_rclpy_minimal_service/build
[1.137s] Invoking command in '/home/houyepu/ros2_ws/src/examples/rclpy/services/minimal_service': PYTHONPATH=/home/houyepu/ros2_ws/build/examples_rclpy_minimal_service/prefix_override:/home/houyepu/ros2_ws/install/examples_rclpy_minimal_service/lib/python3.10/site-packages:${PYTHONPATH} /usr/bin/python3 -W ignore:setup.py install is deprecated setup.py egg_info --egg-base ../../../../../build/examples_rclpy_minimal_service build --build-base /home/houyepu/ros2_ws/build/examples_rclpy_minimal_service/build install --record /home/houyepu/ros2_ws/build/examples_rclpy_minimal_service/install.log --single-version-externally-managed install_data --force
[1.382s] running egg_info
[1.383s] writing ../../../../../build/examples_rclpy_minimal_service/examples_rclpy_minimal_service.egg-info/PKG-INFO
[1.383s] writing dependency_links to ../../../../../build/examples_rclpy_minimal_service/examples_rclpy_minimal_service.egg-info/dependency_links.txt
[1.384s] writing entry points to ../../../../../build/examples_rclpy_minimal_service/examples_rclpy_minimal_service.egg-info/entry_points.txt
[1.384s] writing requirements to ../../../../../build/examples_rclpy_minimal_service/examples_rclpy_minimal_service.egg-info/requires.txt
[1.385s] writing top-level names to ../../../../../build/examples_rclpy_minimal_service/examples_rclpy_minimal_service.egg-info/top_level.txt
[1.388s] reading manifest file '../../../../../build/examples_rclpy_minimal_service/examples_rclpy_minimal_service.egg-info/SOURCES.txt'
[1.389s] writing manifest file '../../../../../build/examples_rclpy_minimal_service/examples_rclpy_minimal_service.egg-info/SOURCES.txt'
[1.389s] running build
[1.389s] running build_py
[1.389s] creating /home/houyepu/ros2_ws/build/examples_rclpy_minimal_service/build
[1.390s] creating /home/houyepu/ros2_ws/build/examples_rclpy_minimal_service/build/lib
[1.390s] creating /home/houyepu/ros2_ws/build/examples_rclpy_minimal_service/build/lib/examples_rclpy_minimal_service
[1.390s] copying examples_rclpy_minimal_service/service.py -> /home/houyepu/ros2_ws/build/examples_rclpy_minimal_service/build/lib/examples_rclpy_minimal_service
[1.391s] copying examples_rclpy_minimal_service/__init__.py -> /home/houyepu/ros2_ws/build/examples_rclpy_minimal_service/build/lib/examples_rclpy_minimal_service
[1.391s] copying examples_rclpy_minimal_service/service_member_function.py -> /home/houyepu/ros2_ws/build/examples_rclpy_minimal_service/build/lib/examples_rclpy_minimal_service
[1.392s] running install
[1.392s] running install_lib
[1.393s] creating /home/houyepu/ros2_ws/install/examples_rclpy_minimal_service/lib/python3.10/site-packages/examples_rclpy_minimal_service
[1.393s] copying /home/houyepu/ros2_ws/build/examples_rclpy_minimal_service/build/lib/examples_rclpy_minimal_service/service.py -> /home/houyepu/ros2_ws/install/examples_rclpy_minimal_service/lib/python3.10/site-packages/examples_rclpy_minimal_service
[1.394s] copying /home/houyepu/ros2_ws/build/examples_rclpy_minimal_service/build/lib/examples_rclpy_minimal_service/__init__.py -> /home/houyepu/ros2_ws/install/examples_rclpy_minimal_service/lib/python3.10/site-packages/examples_rclpy_minimal_service
[1.394s] copying /home/houyepu/ros2_ws/build/examples_rclpy_minimal_service/build/lib/examples_rclpy_minimal_service/service_member_function.py -> /home/houyepu/ros2_ws/install/examples_rclpy_minimal_service/lib/python3.10/site-packages/examples_rclpy_minimal_service
[1.394s] byte-compiling /home/houyepu/ros2_ws/install/examples_rclpy_minimal_service/lib/python3.10/site-packages/examples_rclpy_minimal_service/service.py to service.cpython-310.pyc
[1.395s] byte-compiling /home/houyepu/ros2_ws/install/examples_rclpy_minimal_service/lib/python3.10/site-packages/examples_rclpy_minimal_service/__init__.py to __init__.cpython-310.pyc
[1.395s] byte-compiling /home/houyepu/ros2_ws/install/examples_rclpy_minimal_service/lib/python3.10/site-packages/examples_rclpy_minimal_service/service_member_function.py to service_member_function.cpython-310.pyc
[1.396s] running install_data
[1.396s] copying resource/examples_rclpy_minimal_service -> /home/houyepu/ros2_ws/install/examples_rclpy_minimal_service/share/ament_index/resource_index/packages
[1.396s] copying package.xml -> /home/houyepu/ros2_ws/install/examples_rclpy_minimal_service/share/examples_rclpy_minimal_service
[1.396s] running install_egg_info
[1.400s] Copying ../../../../../build/examples_rclpy_minimal_service/examples_rclpy_minimal_service.egg-info to /home/houyepu/ros2_ws/install/examples_rclpy_minimal_service/lib/python3.10/site-packages/examples_rclpy_minimal_service-0.15.1-py3.10.egg-info
[1.401s] running install_scripts
[1.426s] Installing service script to /home/houyepu/ros2_ws/install/examples_rclpy_minimal_service/lib/examples_rclpy_minimal_service
[1.426s] Installing service_member_function script to /home/houyepu/ros2_ws/install/examples_rclpy_minimal_service/lib/examples_rclpy_minimal_service
[1.427s] writing list of installed files to '/home/houyepu/ros2_ws/build/examples_rclpy_minimal_service/install.log'
[1.663s] Invoked command in '/home/houyepu/ros2_ws/src/examples/rclpy/services/minimal_service' returned '0': PYTHONPATH=/home/houyepu/ros2_ws/build/examples_rclpy_minimal_service/prefix_override:/home/houyepu/ros2_ws/install/examples_rclpy_minimal_service/lib/python3.10/site-packages:${PYTHONPATH} /usr/bin/python3 -W ignore:setup.py install is deprecated setup.py egg_info --egg-base ../../../../../build/examples_rclpy_minimal_service build --build-base /home/houyepu/ros2_ws/build/examples_rclpy_minimal_service/build install --record /home/houyepu/ros2_ws/build/examples_rclpy_minimal_service/install.log --single-version-externally-managed install_data --force
