[2.067s] Invoking command in '/home/houyepu/ros2_ws/build/examples_rclpy_executors': PYTHONPATH=/home/houyepu/ros2_ws/build/examples_rclpy_executors/prefix_override:/home/houyepu/ros2_ws/install/examples_rclpy_executors/lib/python3.10/site-packages:${PYTHONPATH} /usr/bin/python3 -W ignore:setup.py install is deprecated setup.py develop --editable --build-directory /home/houyepu/ros2_ws/build/examples_rclpy_executors/build --no-deps symlink_data
[2.488s] running develop
[2.491s] /usr/lib/python3/dist-packages/setuptools/command/easy_install.py:158: EasyInstallDeprecationWarning: easy_install command is deprecated. Use build and pip and other standards-based tools.
[2.491s]   warnings.warn(
[2.740s] running egg_info
[2.740s] creating examples_rclpy_executors.egg-info
[2.741s] writing examples_rclpy_executors.egg-info/PKG-INFO
[2.741s] writing dependency_links to examples_rclpy_executors.egg-info/dependency_links.txt
[2.741s] writing entry points to examples_rclpy_executors.egg-info/entry_points.txt
[2.741s] writing requirements to examples_rclpy_executors.egg-info/requires.txt
[2.741s] writing top-level names to examples_rclpy_executors.egg-info/top_level.txt
[2.741s] writing manifest file 'examples_rclpy_executors.egg-info/SOURCES.txt'
[2.746s] reading manifest file 'examples_rclpy_executors.egg-info/SOURCES.txt'
[2.746s] writing manifest file 'examples_rclpy_executors.egg-info/SOURCES.txt'
[2.748s] running build_ext
[2.748s] Creating /home/houyepu/ros2_ws/install/examples_rclpy_executors/lib/python3.10/site-packages/examples-rclpy-executors.egg-link (link to .)
[2.749s] Installing callback_group script to /home/houyepu/ros2_ws/install/examples_rclpy_executors/lib/examples_rclpy_executors
[2.750s] Installing composed script to /home/houyepu/ros2_ws/install/examples_rclpy_executors/lib/examples_rclpy_executors
[2.750s] Installing custom_callback_group script to /home/houyepu/ros2_ws/install/examples_rclpy_executors/lib/examples_rclpy_executors
[2.750s] Installing custom_executor script to /home/houyepu/ros2_ws/install/examples_rclpy_executors/lib/examples_rclpy_executors
[2.750s] Installing listener script to /home/houyepu/ros2_ws/install/examples_rclpy_executors/lib/examples_rclpy_executors
[2.750s] Installing talker script to /home/houyepu/ros2_ws/install/examples_rclpy_executors/lib/examples_rclpy_executors
[2.750s] 
[2.751s] Installed /home/houyepu/ros2_ws/build/examples_rclpy_executors
[2.751s] running symlink_data
[2.751s] creating /home/houyepu/ros2_ws/install/examples_rclpy_executors/share/ament_index
[2.751s] creating /home/houyepu/ros2_ws/install/examples_rclpy_executors/share/ament_index/resource_index
[2.751s] creating /home/houyepu/ros2_ws/install/examples_rclpy_executors/share/ament_index/resource_index/packages
[2.751s] symbolically linking /home/houyepu/ros2_ws/build/examples_rclpy_executors/resource/examples_rclpy_executors -> /home/houyepu/ros2_ws/install/examples_rclpy_executors/share/ament_index/resource_index/packages
[2.751s] symbolically linking /home/houyepu/ros2_ws/build/examples_rclpy_executors/package.xml -> /home/houyepu/ros2_ws/install/examples_rclpy_executors/share/examples_rclpy_executors
[2.794s] Invoked command in '/home/houyepu/ros2_ws/build/examples_rclpy_executors' returned '0': PYTHONPATH=/home/houyepu/ros2_ws/build/examples_rclpy_executors/prefix_override:/home/houyepu/ros2_ws/install/examples_rclpy_executors/lib/python3.10/site-packages:${PYTHONPATH} /usr/bin/python3 -W ignore:setup.py install is deprecated setup.py develop --editable --build-directory /home/houyepu/ros2_ws/build/examples_rclpy_executors/build --no-deps symlink_data
