-- The C compiler identification is GNU 11.4.0
-- The CXX compiler identification is GNU 11.4.0
-- Detecting C compiler ABI info
-- Detecting C compiler ABI info - done
-- Check for working C compiler: /usr/bin/cc - skipped
-- Detecting C compile features
-- Detecting C compile features - done
-- Detecting CXX compiler ABI info
-- Detecting CXX compiler ABI info - done
-- Check for working CXX compiler: /usr/bin/c++ - skipped
-- Detecting CXX compile features
-- Detecting CXX compile features - done
-- Found ament_cmake: 1.3.8 (/opt/ros/humble/share/ament_cmake/cmake)
-- Found Python3: /usr/bin/python3 (found version "3.10.12") found components: Interpreter 
-- Found ament_lint_auto: 0.12.10 (/opt/ros/humble/share/ament_lint_auto/cmake)
WARNING: Package name "Car_control" does not follow the naming conventions. It should start with a lower case letter and only contain lower case letters, digits, underscores, and dashes.
-- Added test 'lint_cmake' to check CMake code style
-- Added test 'xmllint' to check XML markup files
-- Configuring done
-- Generating done
-- Build files have been written to: /home/houyepu/ros2_ws/build/Car_control
-- Install configuration: ""
-- Installing: /home/houyepu/ros2_ws/install/Car_control/share/ament_index/resource_index/package_run_dependencies/Car_control
-- Installing: /home/houyepu/ros2_ws/install/Car_control/share/ament_index/resource_index/parent_prefix_path/Car_control
-- Installing: /home/houyepu/ros2_ws/install/Car_control/share/Car_control/environment/ament_prefix_path.sh
-- Installing: /home/houyepu/ros2_ws/install/Car_control/share/Car_control/environment/ament_prefix_path.dsv
-- Installing: /home/houyepu/ros2_ws/install/Car_control/share/Car_control/environment/path.sh
-- Installing: /home/houyepu/ros2_ws/install/Car_control/share/Car_control/environment/path.dsv
-- Installing: /home/houyepu/ros2_ws/install/Car_control/share/Car_control/local_setup.bash
-- Installing: /home/houyepu/ros2_ws/install/Car_control/share/Car_control/local_setup.sh
-- Installing: /home/houyepu/ros2_ws/install/Car_control/share/Car_control/local_setup.zsh
-- Installing: /home/houyepu/ros2_ws/install/Car_control/share/Car_control/local_setup.dsv
-- Installing: /home/houyepu/ros2_ws/install/Car_control/share/Car_control/package.dsv
-- Installing: /home/houyepu/ros2_ws/install/Car_control/share/ament_index/resource_index/packages/Car_control
-- Installing: /home/houyepu/ros2_ws/install/Car_control/share/Car_control/cmake/Car_controlConfig.cmake
-- Installing: /home/houyepu/ros2_ws/install/Car_control/share/Car_control/cmake/Car_controlConfig-version.cmake
-- Installing: /home/houyepu/ros2_ws/install/Car_control/share/Car_control/package.xml
