[0.016s] Invoking command in '/home/houyepu/ros2_ws/build/Car_control': CMAKE_PREFIX_PATH=/opt/ros/humble /usr/bin/cmake /home/houyepu/ros2_ws/src/Car_control -DCMAKE_INSTALL_PREFIX=/home/houyepu/ros2_ws/install/Car_control
[0.105s] -- The C compiler identification is GNU 11.4.0
[0.174s] -- The CXX compiler identification is GNU 11.4.0
[0.183s] -- Detecting C compiler ABI info
[0.286s] -- Detecting C compiler ABI info - done
[0.296s] -- Check for working C compiler: /usr/bin/cc - skipped
[0.296s] -- Detecting C compile features
[0.297s] -- Detecting C compile features - done
[0.301s] -- Detecting CXX compiler ABI info
[0.372s] -- Detecting CXX compiler ABI info - done
[0.381s] -- Check for working CXX compiler: /usr/bin/c++ - skipped
[0.382s] -- Detecting CXX compile features
[0.383s] -- Detecting CXX compile features - done
[0.385s] -- Found ament_cmake: 1.3.8 (/opt/ros/humble/share/ament_cmake/cmake)
[0.556s] -- Found Python3: /usr/bin/python3 (found version "3.10.12") found components: Interpreter 
[0.651s] -- Found ament_lint_auto: 0.12.10 (/opt/ros/humble/share/ament_lint_auto/cmake)
[0.702s] WARNING: Package name "Car_control" does not follow the naming conventions. It should start with a lower case letter and only contain lower case letters, digits, underscores, and dashes.
[0.726s] -- Added test 'lint_cmake' to check CMake code style
[0.728s] -- Added test 'xmllint' to check XML markup files
[0.729s] -- Configuring done
[0.732s] -- Generating done
[0.734s] -- Build files have been written to: /home/houyepu/ros2_ws/build/Car_control
[0.740s] Invoked command in '/home/houyepu/ros2_ws/build/Car_control' returned '0': CMAKE_PREFIX_PATH=/opt/ros/humble /usr/bin/cmake /home/houyepu/ros2_ws/src/Car_control -DCMAKE_INSTALL_PREFIX=/home/houyepu/ros2_ws/install/Car_control
[0.740s] Invoking command in '/home/houyepu/ros2_ws/build/Car_control': CMAKE_PREFIX_PATH=/opt/ros/humble /usr/bin/cmake --build /home/houyepu/ros2_ws/build/Car_control -- -j4 -l4
[0.770s] Invoked command in '/home/houyepu/ros2_ws/build/Car_control' returned '0': CMAKE_PREFIX_PATH=/opt/ros/humble /usr/bin/cmake --build /home/houyepu/ros2_ws/build/Car_control -- -j4 -l4
[0.792s] Invoking command in '/home/houyepu/ros2_ws/build/Car_control': CMAKE_PREFIX_PATH=/opt/ros/humble /usr/bin/cmake --install /home/houyepu/ros2_ws/build/Car_control
[0.800s] -- Install configuration: ""
[0.800s] -- Installing: /home/houyepu/ros2_ws/install/Car_control/share/ament_index/resource_index/package_run_dependencies/Car_control
[0.800s] -- Installing: /home/houyepu/ros2_ws/install/Car_control/share/ament_index/resource_index/parent_prefix_path/Car_control
[0.800s] -- Installing: /home/houyepu/ros2_ws/install/Car_control/share/Car_control/environment/ament_prefix_path.sh
[0.810s] -- Installing: /home/houyepu/ros2_ws/install/Car_control/share/Car_control/environment/ament_prefix_path.dsv
[0.810s] -- Installing: /home/houyepu/ros2_ws/install/Car_control/share/Car_control/environment/path.sh
[0.810s] -- Installing: /home/houyepu/ros2_ws/install/Car_control/share/Car_control/environment/path.dsv
[0.810s] -- Installing: /home/houyepu/ros2_ws/install/Car_control/share/Car_control/local_setup.bash
[0.811s] -- Installing: /home/houyepu/ros2_ws/install/Car_control/share/Car_control/local_setup.sh
[0.811s] -- Installing: /home/houyepu/ros2_ws/install/Car_control/share/Car_control/local_setup.zsh
[0.811s] -- Installing: /home/houyepu/ros2_ws/install/Car_control/share/Car_control/local_setup.dsv
[0.811s] -- Installing: /home/houyepu/ros2_ws/install/Car_control/share/Car_control/package.dsv
[0.812s] -- Installing: /home/houyepu/ros2_ws/install/Car_control/share/ament_index/resource_index/packages/Car_control
[0.812s] -- Installing: /home/houyepu/ros2_ws/install/Car_control/share/Car_control/cmake/Car_controlConfig.cmake
[0.812s] -- Installing: /home/houyepu/ros2_ws/install/Car_control/share/Car_control/cmake/Car_controlConfig-version.cmake
[0.812s] -- Installing: /home/houyepu/ros2_ws/install/Car_control/share/Car_control/package.xml
[0.819s] Invoked command in '/home/houyepu/ros2_ws/build/Car_control' returned '0': CMAKE_PREFIX_PATH=/opt/ros/humble /usr/bin/cmake --install /home/houyepu/ros2_ws/build/Car_control
